
Microsoft (R) Xml Schemas/DataTypes support utility
[Microsoft (R) .NET Framework, Version 2.0.50727.3038]
Copyright (C) Microsoft Corporation. All rights reserved.
Writing file 'E:\Phoenix\Working\Build\Web\Build\App_Code\Xsd\DashBoardDailyWorkPlan.cs'.
Microsoft (R) Xml Schemas/DataTypes support utility
[Microsoft (R) .NET Framework, Version 2.0.50727.3038]
Copyright (C) Microsoft Corporation. All rights reserved.
Writing file 'E:\Phoenix\Working\Build\Web\Build\App_Code\Xsd\ReportAccountAnnualLedgerBaseCurrency.cs'.
Microsoft (R) Xml Schemas/DataTypes support utility
[Microsoft (R) .NET Framework, Version 2.0.50727.3038]
Copyright (C) Microsoft Corporation. All rights reserved.
Writing file 'E:\Phoenix\Working\Build\Web\Build\App_Code\Xsd\ReportAccountCommittedCost.cs'.
Microsoft (R) Xml Schemas/DataTypes support utility
[Microsoft (R) .NET Framework, Version 2.0.50727.3038]
Copyright (C) Microsoft Corporation. All rights reserved.
Writing file 'E:\Phoenix\Working\Build\Web\Build\App_Code\Xsd\ReportAccountCommittedCostFormat1.cs'.
Microsoft (R) Xml Schemas/DataTypes support utility
[Microsoft (R) .NET Framework, Version 2.0.50727.3038]
Copyright (C) Microsoft Corporation. All rights reserved.
Writing file 'E:\Phoenix\Working\Build\Web\Build\App_Code\Xsd\ReportAccountErmtrialbalancemonthly.cs'.
Microsoft (R) Xml Schemas/DataTypes support utility
[Microsoft (R) .NET Framework, Version 2.0.50727.3038]
Copyright (C) Microsoft Corporation. All rights reserved.
Writing file 'E:\Phoenix\Working\Build\Web\Build\App_Code\Xsd\ReportAccountRemittanceBankUpload.cs'.
Microsoft (R) Xml Schemas/DataTypes support utility
[Microsoft (R) .NET Framework, Version 2.0.50727.3038]
Copyright (C) Microsoft Corporation. All rights reserved.
Writing file 'E:\Phoenix\Working\Build\Web\Build\App_Code\Xsd\ReportAccountRemittanceInstruction.cs'.
Microsoft (R) Xml Schemas/DataTypes support utility
[Microsoft (R) .NET Framework, Version 2.0.50727.3038]
Copyright (C) Microsoft Corporation. All rights reserved.
Writing file 'E:\Phoenix\Working\Build\Web\Build\App_Code\Xsd\ReportAccountRemittanceSummary.cs'.
Microsoft (R) Xml Schemas/DataTypes support utility
[Microsoft (R) .NET Framework, Version 2.0.50727.3038]
Copyright (C) Microsoft Corporation. All rights reserved.
Writing file 'E:\Phoenix\Working\Build\Web\Build\App_Code\Xsd\ReportAccountsCashRequest.cs'.
Microsoft (R) Xml Schemas/DataTypes support utility
[Microsoft (R) .NET Framework, Version 2.0.50727.3038]
Copyright (C) Microsoft Corporation. All rights reserved.
Writing file 'E:\Phoenix\Working\Build\Web\Build\App_Code\Xsd\ReportAccountsGST.cs'.
Microsoft (R) Xml Schemas/DataTypes support utility
[Microsoft (R) .NET Framework, Version 2.0.50727.3038]
Copyright (C) Microsoft Corporation. All rights reserved.
Writing file 'E:\Phoenix\Working\Build\Web\Build\App_Code\Xsd\ReportAccountTrialBalanceBaseCurrency.cs'.
Microsoft (R) Xml Schemas/DataTypes support utility
[Microsoft (R) .NET Framework, Version 2.0.50727.3038]
Copyright (C) Microsoft Corporation. All rights reserved.
Writing file 'E:\Phoenix\Working\Build\Web\Build\App_Code\Xsd\ReportAccountTrialBalanceReportingCurrency.cs'.
Microsoft (R) Xml Schemas/DataTypes support utility
[Microsoft (R) .NET Framework, Version 2.0.50727.3038]
Copyright (C) Microsoft Corporation. All rights reserved.
Writing file 'E:\Phoenix\Working\Build\Web\Build\App_Code\Xsd\ReportBudgetVesselAccountCost.cs'.
Microsoft (R) Xml Schemas/DataTypes support utility
[Microsoft (R) .NET Framework, Version 2.0.50727.3038]
Copyright (C) Microsoft Corporation. All rights reserved.
Writing file 'E:\Phoenix\Working\Build\Web\Build\App_Code\Xsd\ReportCrewAppraisalPromotion.cs'.
Microsoft (R) Xml Schemas/DataTypes support utility
[Microsoft (R) .NET Framework, Version 2.0.50727.3038]
Copyright (C) Microsoft Corporation. All rights reserved.
Writing file 'E:\Phoenix\Working\Build\Web\Build\App_Code\Xsd\ReportCrewBriefingDebriefing.cs'.
Microsoft (R) Xml Schemas/DataTypes support utility
[Microsoft (R) .NET Framework, Version 2.0.50727.3038]
Copyright (C) Microsoft Corporation. All rights reserved.
Writing file 'E:\Phoenix\Working\Build\Web\Build\App_Code\Xsd\ReportCrewIMOList.cs'.
Microsoft (R) Xml Schemas/DataTypes support utility
[Microsoft (R) .NET Framework, Version 2.0.50727.3038]
Copyright (C) Microsoft Corporation. All rights reserved.
Writing file 'E:\Phoenix\Working\Build\Web\Build\App_Code\Xsd\ReportCrewListAsPerScreen.cs'.
Microsoft (R) Xml Schemas/DataTypes support utility
[Microsoft (R) .NET Framework, Version 2.0.50727.3038]
Copyright (C) Microsoft Corporation. All rights reserved.
Writing file 'E:\Phoenix\Working\Build\Web\Build\App_Code\Xsd\ReportCrewMidTenureAppraisal.cs'.
Microsoft (R) Xml Schemas/DataTypes support utility
[Microsoft (R) .NET Framework, Version 2.0.50727.3038]
Copyright (C) Microsoft Corporation. All rights reserved.
Writing file 'E:\Phoenix\Working\Build\Web\Build\App_Code\Xsd\ReportCrewNotContactedReport.cs'.
Microsoft (R) Xml Schemas/DataTypes support utility
[Microsoft (R) .NET Framework, Version 2.0.50727.3038]
Copyright (C) Microsoft Corporation. All rights reserved.
Writing file 'E:\Phoenix\Working\Build\Web\Build\App_Code\Xsd\ReportCrewOfferLetterCheckList.cs'.
Microsoft (R) Xml Schemas/DataTypes support utility
[Microsoft (R) .NET Framework, Version 2.0.50727.3038]
Copyright (C) Microsoft Corporation. All rights reserved.
Writing file 'E:\Phoenix\Working\Build\Web\Build\App_Code\Xsd\ReportCrewOffshorePoeaFormat.cs'.
Microsoft (R) Xml Schemas/DataTypes support utility
[Microsoft (R) .NET Framework, Version 2.0.50727.3038]
Copyright (C) Microsoft Corporation. All rights reserved.
Writing file 'E:\Phoenix\Working\Build\Web\Build\App_Code\Xsd\ReportCrewOwnerFeedbackAppraisal.cs'.
Microsoft (R) Xml Schemas/DataTypes support utility
[Microsoft (R) .NET Framework, Version 2.0.50727.3038]
Copyright (C) Microsoft Corporation. All rights reserved.
Writing file 'E:\Phoenix\Working\Build\Web\Build\App_Code\Xsd\ReportCrewOwnerProposalReport.cs'.
Microsoft (R) Xml Schemas/DataTypes support utility
[Microsoft (R) .NET Framework, Version 2.0.50727.3038]
Copyright (C) Microsoft Corporation. All rights reserved.
Writing file 'E:\Phoenix\Working\Build\Web\Build\App_Code\Xsd\ReportCrewPDDetails.cs'.
Microsoft (R) Xml Schemas/DataTypes support utility
[Microsoft (R) .NET Framework, Version 2.0.50727.3038]
Copyright (C) Microsoft Corporation. All rights reserved.
Writing file 'E:\Phoenix\Working\Build\Web\Build\App_Code\Xsd\ReportCrewPDForm.cs'.
Microsoft (R) Xml Schemas/DataTypes support utility
[Microsoft (R) .NET Framework, Version 2.0.50727.3038]
Copyright (C) Microsoft Corporation. All rights reserved.
Writing file 'E:\Phoenix\Working\Build\Web\Build\App_Code\Xsd\ReportCrewPDService.cs'.
Microsoft (R) Xml Schemas/DataTypes support utility
[Microsoft (R) .NET Framework, Version 2.0.50727.3038]
Copyright (C) Microsoft Corporation. All rights reserved.
Writing file 'E:\Phoenix\Working\Build\Web\Build\App_Code\Xsd\ReportCrewPDSubDetails.cs'.
Microsoft (R) Xml Schemas/DataTypes support utility
[Microsoft (R) .NET Framework, Version 2.0.50727.3038]
Copyright (C) Microsoft Corporation. All rights reserved.
Writing file 'E:\Phoenix\Working\Build\Web\Build\App_Code\Xsd\ReportCrewRevisedIMO.cs'.
Microsoft (R) Xml Schemas/DataTypes support utility
[Microsoft (R) .NET Framework, Version 2.0.50727.3038]
Copyright (C) Microsoft Corporation. All rights reserved.
Writing file 'E:\Phoenix\Working\Build\Web\Build\App_Code\Xsd\ReportCrewRevisedList.cs'.
Microsoft (R) Xml Schemas/DataTypes support utility
[Microsoft (R) .NET Framework, Version 2.0.50727.3038]
Copyright (C) Microsoft Corporation. All rights reserved.
Writing file 'E:\Phoenix\Working\Build\Web\Build\App_Code\Xsd\ReportCrewSpecificFormat.cs'.
Microsoft (R) Xml Schemas/DataTypes support utility
[Microsoft (R) .NET Framework, Version 2.0.50727.3038]
Copyright (C) Microsoft Corporation. All rights reserved.
Writing file 'E:\Phoenix\Working\Build\Web\Build\App_Code\Xsd\ReportCrewUSList.cs'.
Microsoft (R) Xml Schemas/DataTypes support utility
[Microsoft (R) .NET Framework, Version 2.0.50727.3038]
Copyright (C) Microsoft Corporation. All rights reserved.
Writing file 'E:\Phoenix\Working\Build\Web\Build\App_Code\Xsd\ReportCrewVacancy.cs'.
Microsoft (R) Xml Schemas/DataTypes support utility
[Microsoft (R) .NET Framework, Version 2.0.50727.3038]
Copyright (C) Microsoft Corporation. All rights reserved.
Writing file 'E:\Phoenix\Working\Build\Web\Build\App_Code\Xsd\ReportCrewWithWages.cs'.
Microsoft (R) Xml Schemas/DataTypes support utility
[Microsoft (R) .NET Framework, Version 2.0.50727.3038]
Copyright (C) Microsoft Corporation. All rights reserved.
Writing file 'E:\Phoenix\Working\Build\Web\Build\App_Code\Xsd\ReportDrydockCostSummary.cs'.
Microsoft (R) Xml Schemas/DataTypes support utility
[Microsoft (R) .NET Framework, Version 2.0.50727.3038]
Copyright (C) Microsoft Corporation. All rights reserved.
Writing file 'E:\Phoenix\Working\Build\Web\Build\App_Code\Xsd\ReportEngineLogMonthlySummary.cs'.
Microsoft (R) Xml Schemas/DataTypes support utility
[Microsoft (R) .NET Framework, Version 2.0.50727.3038]
Copyright (C) Microsoft Corporation. All rights reserved.
Writing file 'E:\Phoenix\Working\Build\Web\Build\App_Code\Xsd\ReportInspectionCarStatusLog.cs'.
Microsoft (R) Xml Schemas/DataTypes support utility
[Microsoft (R) .NET Framework, Version 2.0.50727.3038]
Copyright (C) Microsoft Corporation. All rights reserved.
Writing file 'E:\Phoenix\Working\Build\Web\Build\App_Code\Xsd\ReportInspectionCompanySpecifiedDrill.cs'.
Microsoft (R) Xml Schemas/DataTypes support utility
[Microsoft (R) .NET Framework, Version 2.0.50727.3038]
Copyright (C) Microsoft Corporation. All rights reserved.
Writing file 'E:\Phoenix\Working\Build\Web\Build\App_Code\Xsd\ReportInspectionCompanySpecifiedTraining.cs'.
Microsoft (R) Xml Schemas/DataTypes support utility
[Microsoft (R) .NET Framework, Version 2.0.50727.3038]
Copyright (C) Microsoft Corporation. All rights reserved.
Writing file 'E:\Phoenix\Working\Build\Web\Build\App_Code\Xsd\ReportInspectionCorrectiveActionRequest.cs'.
Microsoft (R) Xml Schemas/DataTypes support utility
[Microsoft (R) .NET Framework, Version 2.0.50727.3038]
Copyright (C) Microsoft Corporation. All rights reserved.
Writing file 'E:\Phoenix\Working\Build\Web\Build\App_Code\Xsd\ReportInspectionIncidentNearMiss.cs'.
Microsoft (R) Xml Schemas/DataTypes support utility
[Microsoft (R) .NET Framework, Version 2.0.50727.3038]
Copyright (C) Microsoft Corporation. All rights reserved.
Writing file 'E:\Phoenix\Working\Build\Web\Build\App_Code\Xsd\ReportInspectionInternalAudit.cs'.
Microsoft (R) Xml Schemas/DataTypes support utility
[Microsoft (R) .NET Framework, Version 2.0.50727.3038]
Copyright (C) Microsoft Corporation. All rights reserved.
Writing file 'E:\Phoenix\Working\Build\Web\Build\App_Code\Xsd\ReportInspectionInternalAuditProgramme.cs'.
Microsoft (R) Xml Schemas/DataTypes support utility
[Microsoft (R) .NET Framework, Version 2.0.50727.3038]
Copyright (C) Microsoft Corporation. All rights reserved.
Writing file 'E:\Phoenix\Working\Build\Web\Build\App_Code\Xsd\ReportInspectionMandatoryDrill.cs'.
Microsoft (R) Xml Schemas/DataTypes support utility
[Microsoft (R) .NET Framework, Version 2.0.50727.3038]
Copyright (C) Microsoft Corporation. All rights reserved.
Writing file 'E:\Phoenix\Working\Build\Web\Build\App_Code\Xsd\ReportInspectionMandatoryTraining.cs'.
Microsoft (R) Xml Schemas/DataTypes support utility
[Microsoft (R) .NET Framework, Version 2.0.50727.3038]
Copyright (C) Microsoft Corporation. All rights reserved.
Writing file 'E:\Phoenix\Working\Build\Web\Build\App_Code\Xsd\ReportInspectionUnsafeOccurrence.cs'.
Microsoft (R) Xml Schemas/DataTypes support utility
[Microsoft (R) .NET Framework, Version 2.0.50727.3038]
Copyright (C) Microsoft Corporation. All rights reserved.
Writing file 'E:\Phoenix\Working\Build\Web\Build\App_Code\Xsd\ReportLogOperationReport.cs'.
Microsoft (R) Xml Schemas/DataTypes support utility
[Microsoft (R) .NET Framework, Version 2.0.50727.3038]
Copyright (C) Microsoft Corporation. All rights reserved.
Writing file 'E:\Phoenix\Working\Build\Web\Build\App_Code\Xsd\ReportLogOperationReportCRB.cs'.
Microsoft (R) Xml Schemas/DataTypes support utility
[Microsoft (R) .NET Framework, Version 2.0.50727.3038]
Copyright (C) Microsoft Corporation. All rights reserved.
Writing file 'E:\Phoenix\Working\Build\Web\Build\App_Code\Xsd\ReportLogOperationReportFuelChange.cs'.
Microsoft (R) Xml Schemas/DataTypes support utility
[Microsoft (R) .NET Framework, Version 2.0.50727.3038]
Copyright (C) Microsoft Corporation. All rights reserved.
Writing file 'E:\Phoenix\Working\Build\Web\Build\App_Code\Xsd\ReportLogOperationReportGRB.cs'.
Microsoft (R) Xml Schemas/DataTypes support utility
[Microsoft (R) .NET Framework, Version 2.0.50727.3038]
Copyright (C) Microsoft Corporation. All rights reserved.
Writing file 'E:\Phoenix\Working\Build\Web\Build\App_Code\Xsd\ReportLogOperationReportGRB2.cs'.
Microsoft (R) Xml Schemas/DataTypes support utility
[Microsoft (R) .NET Framework, Version 2.0.50727.3038]
Copyright (C) Microsoft Corporation. All rights reserved.
Writing file 'E:\Phoenix\Working\Build\Web\Build\App_Code\Xsd\ReportLogOperationReportNOX.cs'.
Microsoft (R) Xml Schemas/DataTypes support utility
[Microsoft (R) .NET Framework, Version 2.0.50727.3038]
Copyright (C) Microsoft Corporation. All rights reserved.
Writing file 'E:\Phoenix\Working\Build\Web\Build\App_Code\Xsd\ReportLogOperationReportORB2.cs'.
Microsoft (R) Xml Schemas/DataTypes support utility
[Microsoft (R) .NET Framework, Version 2.0.50727.3038]
Copyright (C) Microsoft Corporation. All rights reserved.
Writing file 'E:\Phoenix\Working\Build\Web\Build\App_Code\Xsd\ReportLogTankList.cs'.
Microsoft (R) Xml Schemas/DataTypes support utility
[Microsoft (R) .NET Framework, Version 2.0.50727.3038]
Copyright (C) Microsoft Corporation. All rights reserved.
Writing file 'E:\Phoenix\Working\Build\Web\Build\App_Code\Xsd\ReportMarpolLogAnnexVIODSMRecord.cs'.
Microsoft (R) Xml Schemas/DataTypes support utility
[Microsoft (R) .NET Framework, Version 2.0.50727.3038]
Copyright (C) Microsoft Corporation. All rights reserved.
Writing file 'E:\Phoenix\Working\Build\Web\Build\App_Code\Xsd\ReportMarpolLogAnnexVIODSRecord.cs'.
Microsoft (R) Xml Schemas/DataTypes support utility
[Microsoft (R) .NET Framework, Version 2.0.50727.3038]
Copyright (C) Microsoft Corporation. All rights reserved.
Writing file 'E:\Phoenix\Working\Build\Web\Build\App_Code\Xsd\ReportMarpolLogAnnexVIODSSDRecord.cs'.
Microsoft (R) Xml Schemas/DataTypes support utility
[Microsoft (R) .NET Framework, Version 2.0.50727.3038]
Copyright (C) Microsoft Corporation. All rights reserved.
Writing file 'E:\Phoenix\Working\Build\Web\Build\App_Code\Xsd\ReportMarpolLogEngineParamRecord.cs'.
Microsoft (R) Xml Schemas/DataTypes support utility
[Microsoft (R) .NET Framework, Version 2.0.50727.3038]
Copyright (C) Microsoft Corporation. All rights reserved.
Writing file 'E:\Phoenix\Working\Build\Web\Build\App_Code\Xsd\ReportMonthlyOvertimeSearch.cs'.
Microsoft (R) Xml Schemas/DataTypes support utility
[Microsoft (R) .NET Framework, Version 2.0.50727.3038]
Copyright (C) Microsoft Corporation. All rights reserved.
Writing file 'E:\Phoenix\Working\Build\Web\Build\App_Code\Xsd\ReportOwnerBudgetCode.cs'.
Microsoft (R) Xml Schemas/DataTypes support utility
[Microsoft (R) .NET Framework, Version 2.0.50727.3038]
Copyright (C) Microsoft Corporation. All rights reserved.
Writing file 'E:\Phoenix\Working\Build\Web\Build\App_Code\Xsd\ReportOwnersPurchaseMonthlyReport.cs'.
Microsoft (R) Xml Schemas/DataTypes support utility
[Microsoft (R) .NET Framework, Version 2.0.50727.3038]
Copyright (C) Microsoft Corporation. All rights reserved.
Writing file 'E:\Phoenix\Working\Build\Web\Build\App_Code\Xsd\ReportOwnersReportCrewSummary.cs'.
Microsoft (R) Xml Schemas/DataTypes support utility
[Microsoft (R) .NET Framework, Version 2.0.50727.3038]
Copyright (C) Microsoft Corporation. All rights reserved.
Writing file 'E:\Phoenix\Working\Build\Web\Build\App_Code\Xsd\ReportPayRollSGFWLPaid.cs'.
Microsoft (R) Xml Schemas/DataTypes support utility
[Microsoft (R) .NET Framework, Version 2.0.50727.3038]
Copyright (C) Microsoft Corporation. All rights reserved.
Writing file 'E:\Phoenix\Working\Build\Web\Build\App_Code\Xsd\ReportPlannedMaintenanceCommittedCost.cs'.
Microsoft (R) Xml Schemas/DataTypes support utility
[Microsoft (R) .NET Framework, Version 2.0.50727.3038]
Copyright (C) Microsoft Corporation. All rights reserved.
Writing file 'E:\Phoenix\Working\Build\Web\Build\App_Code\Xsd\ReportPlannedMaintenanceCommittedCostFormat1.cs'.
Microsoft (R) Xml Schemas/DataTypes support utility
[Microsoft (R) .NET Framework, Version 2.0.50727.3038]
Copyright (C) Microsoft Corporation. All rights reserved.
Writing file 'E:\Phoenix\Working\Build\Web\Build\App_Code\Xsd\ReportPlannedMaintenanceComponent.cs'.
Microsoft (R) Xml Schemas/DataTypes support utility
[Microsoft (R) .NET Framework, Version 2.0.50727.3038]
Copyright (C) Microsoft Corporation. All rights reserved.
Writing file 'E:\Phoenix\Working\Build\Web\Build\App_Code\Xsd\ReportPlannedMaintenanceDone.cs'.
Microsoft (R) Xml Schemas/DataTypes support utility
[Microsoft (R) .NET Framework, Version 2.0.50727.3038]
Copyright (C) Microsoft Corporation. All rights reserved.
Writing file 'E:\Phoenix\Working\Build\Web\Build\App_Code\Xsd\ReportPlannedMaintenanceDue.cs'.
Microsoft (R) Xml Schemas/DataTypes support utility
[Microsoft (R) .NET Framework, Version 2.0.50727.3038]
Copyright (C) Microsoft Corporation. All rights reserved.
Writing file 'E:\Phoenix\Working\Build\Web\Build\App_Code\Xsd\ReportPlannedMaintenanceOverDue.cs'.
Microsoft (R) Xml Schemas/DataTypes support utility
[Microsoft (R) .NET Framework, Version 2.0.50727.3038]
Copyright (C) Microsoft Corporation. All rights reserved.
Writing file 'E:\Phoenix\Working\Build\Web\Build\App_Code\Xsd\ReportPlannedMaintenanceRequisitionForm.cs'.
Microsoft (R) Xml Schemas/DataTypes support utility
[Microsoft (R) .NET Framework, Version 2.0.50727.3038]
Copyright (C) Microsoft Corporation. All rights reserved.
Writing file 'E:\Phoenix\Working\Build\Web\Build\App_Code\Xsd\ReportPlannedMaintenanceRescheduledJobs.cs'.
Microsoft (R) Xml Schemas/DataTypes support utility
[Microsoft (R) .NET Framework, Version 2.0.50727.3038]
Copyright (C) Microsoft Corporation. All rights reserved.
Writing file 'E:\Phoenix\Working\Build\Web\Build\App_Code\Xsd\ReportPlannedMaintenanceRunningHour.cs'.
Microsoft (R) Xml Schemas/DataTypes support utility
[Microsoft (R) .NET Framework, Version 2.0.50727.3038]
Copyright (C) Microsoft Corporation. All rights reserved.
Writing file 'E:\Phoenix\Working\Build\Web\Build\App_Code\Xsd\ReportPlannedMaintenanceSpareConsumption.cs'.
Microsoft (R) Xml Schemas/DataTypes support utility
[Microsoft (R) .NET Framework, Version 2.0.50727.3038]
Copyright (C) Microsoft Corporation. All rights reserved.
Writing file 'E:\Phoenix\Working\Build\Web\Build\App_Code\Xsd\ReportPlannedMaintenanceSurveyDue.cs'.
Microsoft (R) Xml Schemas/DataTypes support utility
[Microsoft (R) .NET Framework, Version 2.0.50727.3038]
Copyright (C) Microsoft Corporation. All rights reserved.
Writing file 'E:\Phoenix\Working\Build\Web\Build\App_Code\Xsd\ReportProcessExtn.cs'.
Microsoft (R) Xml Schemas/DataTypes support utility
[Microsoft (R) .NET Framework, Version 2.0.50727.3038]
Copyright (C) Microsoft Corporation. All rights reserved.
Writing file 'E:\Phoenix\Working\Build\Web\Build\App_Code\Xsd\ReportPurchaseAnalysisReport.cs'.
Microsoft (R) Xml Schemas/DataTypes support utility
[Microsoft (R) .NET Framework, Version 2.0.50727.3038]
Copyright (C) Microsoft Corporation. All rights reserved.
Writing file 'E:\Phoenix\Working\Build\Web\Build\App_Code\Xsd\ReportPurchaseCommercialInvoice.cs'.
Microsoft (R) Xml Schemas/DataTypes support utility
[Microsoft (R) .NET Framework, Version 2.0.50727.3038]
Copyright (C) Microsoft Corporation. All rights reserved.
Writing file 'E:\Phoenix\Working\Build\Web\Build\App_Code\Xsd\ReportPurchaseNewRequisition.cs'.
Microsoft (R) Xml Schemas/DataTypes support utility
[Microsoft (R) .NET Framework, Version 2.0.50727.3038]
Copyright (C) Microsoft Corporation. All rights reserved.
Writing file 'E:\Phoenix\Working\Build\Web\Build\App_Code\Xsd\ReportPurchaseOrder.cs'.
Microsoft (R) Xml Schemas/DataTypes support utility
[Microsoft (R) .NET Framework, Version 2.0.50727.3038]
Copyright (C) Microsoft Corporation. All rights reserved.
Writing file 'E:\Phoenix\Working\Build\Web\Build\App_Code\Xsd\ReportPurchaseOrderMonthwise.cs'.
Microsoft (R) Xml Schemas/DataTypes support utility
[Microsoft (R) .NET Framework, Version 2.0.50727.3038]
Copyright (C) Microsoft Corporation. All rights reserved.
Writing file 'E:\Phoenix\Working\Build\Web\Build\App_Code\Xsd\ReportPurchasePOIssued.cs'.
Microsoft (R) Xml Schemas/DataTypes support utility
[Microsoft (R) .NET Framework, Version 2.0.50727.3038]
Copyright (C) Microsoft Corporation. All rights reserved.
Writing file 'E:\Phoenix\Working\Build\Web\Build\App_Code\Xsd\ReportPurchasePOReasons.cs'.
Microsoft (R) Xml Schemas/DataTypes support utility
[Microsoft (R) .NET Framework, Version 2.0.50727.3038]
Copyright (C) Microsoft Corporation. All rights reserved.
Writing file 'E:\Phoenix\Working\Build\Web\Build\App_Code\Xsd\ReportPurchasePOWaitingToBeIssued.cs'.
Microsoft (R) Xml Schemas/DataTypes support utility
[Microsoft (R) .NET Framework, Version 2.0.50727.3038]
Copyright (C) Microsoft Corporation. All rights reserved.
Writing file 'E:\Phoenix\Working\Build\Web\Build\App_Code\Xsd\ReportPurchasePriceAnalysisReport.cs'.
Microsoft (R) Xml Schemas/DataTypes support utility
[Microsoft (R) .NET Framework, Version 2.0.50727.3038]
Copyright (C) Microsoft Corporation. All rights reserved.
Writing file 'E:\Phoenix\Working\Build\Web\Build\App_Code\Xsd\ReportPurchaseQuotationAwaitingApproval.cs'.
Microsoft (R) Xml Schemas/DataTypes support utility
[Microsoft (R) .NET Framework, Version 2.0.50727.3038]
Copyright (C) Microsoft Corporation. All rights reserved.
Writing file 'E:\Phoenix\Working\Build\Web\Build\App_Code\Xsd\ReportPurchaseQuotationNotReceived.cs'.
Microsoft (R) Xml Schemas/DataTypes support utility
[Microsoft (R) .NET Framework, Version 2.0.50727.3038]
Copyright (C) Microsoft Corporation. All rights reserved.
Writing file 'E:\Phoenix\Working\Build\Web\Build\App_Code\Xsd\ReportPurchaseQuotationQuoted.cs'.
Microsoft (R) Xml Schemas/DataTypes support utility
[Microsoft (R) .NET Framework, Version 2.0.50727.3038]
Copyright (C) Microsoft Corporation. All rights reserved.
Writing file 'E:\Phoenix\Working\Build\Web\Build\App_Code\Xsd\ReportPurchaseRequistionDetails.cs'.
Microsoft (R) Xml Schemas/DataTypes support utility
[Microsoft (R) .NET Framework, Version 2.0.50727.3038]
Copyright (C) Microsoft Corporation. All rights reserved.
Writing file 'E:\Phoenix\Working\Build\Web\Build\App_Code\Xsd\ReportPurchaseRequistionForm.cs'.
Microsoft (R) Xml Schemas/DataTypes support utility
[Microsoft (R) .NET Framework, Version 2.0.50727.3038]
Copyright (C) Microsoft Corporation. All rights reserved.
Writing file 'E:\Phoenix\Working\Build\Web\Build\App_Code\Xsd\ReportRAGenericExtn.cs'.
Microsoft (R) Xml Schemas/DataTypes support utility
[Microsoft (R) .NET Framework, Version 2.0.50727.3038]
Copyright (C) Microsoft Corporation. All rights reserved.
Writing file 'E:\Phoenix\Working\Build\Web\Build\App_Code\Xsd\ReportRAJobAnalysisHazard.cs'.
Microsoft (R) Xml Schemas/DataTypes support utility
[Microsoft (R) .NET Framework, Version 2.0.50727.3038]
Copyright (C) Microsoft Corporation. All rights reserved.
Writing file 'E:\Phoenix\Working\Build\Web\Build\App_Code\Xsd\ReportRAJobAnalysisHazardExtn.cs'.
Microsoft (R) Xml Schemas/DataTypes support utility
[Microsoft (R) .NET Framework, Version 2.0.50727.3038]
Copyright (C) Microsoft Corporation. All rights reserved.
Writing file 'E:\Phoenix\Working\Build\Web\Build\App_Code\Xsd\ReportRAMachineryExtn.cs'.
Microsoft (R) Xml Schemas/DataTypes support utility
[Microsoft (R) .NET Framework, Version 2.0.50727.3038]
Copyright (C) Microsoft Corporation. All rights reserved.
Writing file 'E:\Phoenix\Working\Build\Web\Build\App_Code\Xsd\ReportRANavigationExtn.cs'.
Microsoft (R) Xml Schemas/DataTypes support utility
[Microsoft (R) .NET Framework, Version 2.0.50727.3038]
Copyright (C) Microsoft Corporation. All rights reserved.
Writing file 'E:\Phoenix\Working\Build\Web\Build\App_Code\Xsd\ReportsAccountAdvancePaymentVoucher.cs'.
Microsoft (R) Xml Schemas/DataTypes support utility
[Microsoft (R) .NET Framework, Version 2.0.50727.3038]
Copyright (C) Microsoft Corporation. All rights reserved.
Writing file 'E:\Phoenix\Working\Build\Web\Build\App_Code\Xsd\ReportsAccountAnnualLedger.cs'.
Microsoft (R) Xml Schemas/DataTypes support utility
[Microsoft (R) .NET Framework, Version 2.0.50727.3038]
Copyright (C) Microsoft Corporation. All rights reserved.
Writing file 'E:\Phoenix\Working\Build\Web\Build\App_Code\Xsd\ReportsAccountAnnualLedgerDetailed.cs'.
Microsoft (R) Xml Schemas/DataTypes support utility
[Microsoft (R) .NET Framework, Version 2.0.50727.3038]
Copyright (C) Microsoft Corporation. All rights reserved.
Writing file 'E:\Phoenix\Working\Build\Web\Build\App_Code\Xsd\ReportsAccountDepositPaymentVoucher.cs'.
Microsoft (R) Xml Schemas/DataTypes support utility
[Microsoft (R) .NET Framework, Version 2.0.50727.3038]
Copyright (C) Microsoft Corporation. All rights reserved.
Writing file 'E:\Phoenix\Working\Build\Web\Build\App_Code\Xsd\ReportsAccountsAirfarePaymentVoucher.cs'.
Microsoft (R) Xml Schemas/DataTypes support utility
[Microsoft (R) .NET Framework, Version 2.0.50727.3038]
Copyright (C) Microsoft Corporation. All rights reserved.
Writing file 'E:\Phoenix\Working\Build\Web\Build\App_Code\Xsd\ReportsAccountsBankReconcilationValidation.cs'.
Microsoft (R) Xml Schemas/DataTypes support utility
[Microsoft (R) .NET Framework, Version 2.0.50727.3038]
Copyright (C) Microsoft Corporation. All rights reserved.
Writing file 'E:\Phoenix\Working\Build\Web\Build\App_Code\Xsd\ReportsAccountsConsolidatedVendorAging.cs'.
Microsoft (R) Xml Schemas/DataTypes support utility
[Microsoft (R) .NET Framework, Version 2.0.50727.3038]
Copyright (C) Microsoft Corporation. All rights reserved.
Writing file 'E:\Phoenix\Working\Build\Web\Build\App_Code\Xsd\ReportsAccountsCtm.cs'.
Microsoft (R) Xml Schemas/DataTypes support utility
[Microsoft (R) .NET Framework, Version 2.0.50727.3038]
Copyright (C) Microsoft Corporation. All rights reserved.
Writing file 'E:\Phoenix\Working\Build\Web\Build\App_Code\Xsd\ReportsAccountsCtmPaymentVoucher.cs'.
Microsoft (R) Xml Schemas/DataTypes support utility
[Microsoft (R) .NET Framework, Version 2.0.50727.3038]
Copyright (C) Microsoft Corporation. All rights reserved.
Writing file 'E:\Phoenix\Working\Build\Web\Build\App_Code\Xsd\ReportsAccountsDetailedVendorAging.cs'.
Microsoft (R) Xml Schemas/DataTypes support utility
[Microsoft (R) .NET Framework, Version 2.0.50727.3038]
Copyright (C) Microsoft Corporation. All rights reserved.
Writing file 'E:\Phoenix\Working\Build\Web\Build\App_Code\Xsd\ReportsAccountsGeneralSubsidiaryLedger.cs'.
Microsoft (R) Xml Schemas/DataTypes support utility
[Microsoft (R) .NET Framework, Version 2.0.50727.3038]
Copyright (C) Microsoft Corporation. All rights reserved.
Writing file 'E:\Phoenix\Working\Build\Web\Build\App_Code\Xsd\ReportsAccountsInvoicePaymentVoucher.cs'.
Microsoft (R) Xml Schemas/DataTypes support utility
[Microsoft (R) .NET Framework, Version 2.0.50727.3038]
Copyright (C) Microsoft Corporation. All rights reserved.
Writing file 'E:\Phoenix\Working\Build\Web\Build\App_Code\Xsd\ReportsAccountsInvoiceStatus.cs'.
Microsoft (R) Xml Schemas/DataTypes support utility
[Microsoft (R) .NET Framework, Version 2.0.50727.3038]
Copyright (C) Microsoft Corporation. All rights reserved.
Writing file 'E:\Phoenix\Working\Build\Web\Build\App_Code\Xsd\ReportsAccountsMonthlyBillingReport.cs'.
Microsoft (R) Xml Schemas/DataTypes support utility
[Microsoft (R) .NET Framework, Version 2.0.50727.3038]
Copyright (C) Microsoft Corporation. All rights reserved.
Writing file 'E:\Phoenix\Working\Build\Web\Build\App_Code\Xsd\ReportsAccountsMonthlyConsolidatedServiceTax.cs'.
Microsoft (R) Xml Schemas/DataTypes support utility
[Microsoft (R) .NET Framework, Version 2.0.50727.3038]
Copyright (C) Microsoft Corporation. All rights reserved.
Writing file 'E:\Phoenix\Working\Build\Web\Build\App_Code\Xsd\ReportsAccountsMonthlyConsolidatedTDS.cs'.
Microsoft (R) Xml Schemas/DataTypes support utility
[Microsoft (R) .NET Framework, Version 2.0.50727.3038]
Copyright (C) Microsoft Corporation. All rights reserved.
Writing file 'E:\Phoenix\Working\Build\Web\Build\App_Code\Xsd\ReportsAccountsMonthlyConsolidatedWCT.cs'.
Microsoft (R) Xml Schemas/DataTypes support utility
[Microsoft (R) .NET Framework, Version 2.0.50727.3038]
Copyright (C) Microsoft Corporation. All rights reserved.
Writing file 'E:\Phoenix\Working\Build\Web\Build\App_Code\Xsd\ReportsAccountsMonthlyTDSSummary.cs'.
Microsoft (R) Xml Schemas/DataTypes support utility
[Microsoft (R) .NET Framework, Version 2.0.50727.3038]
Copyright (C) Microsoft Corporation. All rights reserved.
Writing file 'E:\Phoenix\Working\Build\Web\Build\App_Code\Xsd\ReportsAccountsMonthlyWCTSummary.cs'.
Microsoft (R) Xml Schemas/DataTypes support utility
[Microsoft (R) .NET Framework, Version 2.0.50727.3038]
Copyright (C) Microsoft Corporation. All rights reserved.
Writing file 'E:\Phoenix\Working\Build\Web\Build\App_Code\Xsd\ReportsAccountSOAGenerationIndex.cs'.
Microsoft (R) Xml Schemas/DataTypes support utility
[Microsoft (R) .NET Framework, Version 2.0.50727.3038]
Copyright (C) Microsoft Corporation. All rights reserved.
Writing file 'E:\Phoenix\Working\Build\Web\Build\App_Code\Xsd\ReportsAccountSOAGenerationSectionHeader.cs'.
Microsoft (R) Xml Schemas/DataTypes support utility
[Microsoft (R) .NET Framework, Version 2.0.50727.3038]
Copyright (C) Microsoft Corporation. All rights reserved.
Writing file 'E:\Phoenix\Working\Build\Web\Build\App_Code\Xsd\ReportsAccountsOfficeDebitCreditNote.cs'.
Microsoft (R) Xml Schemas/DataTypes support utility
[Microsoft (R) .NET Framework, Version 2.0.50727.3038]
Copyright (C) Microsoft Corporation. All rights reserved.
Writing file 'E:\Phoenix\Working\Build\Web\Build\App_Code\Xsd\ReportsAccountsOwnerDebitCreditNote.cs'.
Microsoft (R) Xml Schemas/DataTypes support utility
[Microsoft (R) .NET Framework, Version 2.0.50727.3038]
Copyright (C) Microsoft Corporation. All rights reserved.
Writing file 'E:\Phoenix\Working\Build\Web\Build\App_Code\Xsd\ReportsAccountsRemittanceBank.cs'.
Microsoft (R) Xml Schemas/DataTypes support utility
[Microsoft (R) .NET Framework, Version 2.0.50727.3038]
Copyright (C) Microsoft Corporation. All rights reserved.
Writing file 'E:\Phoenix\Working\Build\Web\Build\App_Code\Xsd\ReportsAccountsSOACheckingBudget.cs'.
Microsoft (R) Xml Schemas/DataTypes support utility
[Microsoft (R) .NET Framework, Version 2.0.50727.3038]
Copyright (C) Microsoft Corporation. All rights reserved.
Writing file 'E:\Phoenix\Working\Build\Web\Build\App_Code\Xsd\ReportsAccountsSOACheckingVoucher.cs'.
Microsoft (R) Xml Schemas/DataTypes support utility
[Microsoft (R) .NET Framework, Version 2.0.50727.3038]
Copyright (C) Microsoft Corporation. All rights reserved.
Writing file 'E:\Phoenix\Working\Build\Web\Build\App_Code\Xsd\ReportsAccountsSOAGenerationCoverpage.cs'.
Microsoft (R) Xml Schemas/DataTypes support utility
[Microsoft (R) .NET Framework, Version 2.0.50727.3038]
Copyright (C) Microsoft Corporation. All rights reserved.
Writing file 'E:\Phoenix\Working\Build\Web\Build\App_Code\Xsd\ReportsAccountsSubsidiaryLedger.cs'.
Microsoft (R) Xml Schemas/DataTypes support utility
[Microsoft (R) .NET Framework, Version 2.0.50727.3038]
Copyright (C) Microsoft Corporation. All rights reserved.
Writing file 'E:\Phoenix\Working\Build\Web\Build\App_Code\Xsd\ReportsAccountsSubsidiaryLedgerVessel.cs'.
Microsoft (R) Xml Schemas/DataTypes support utility
[Microsoft (R) .NET Framework, Version 2.0.50727.3038]
Copyright (C) Microsoft Corporation. All rights reserved.
Writing file 'E:\Phoenix\Working\Build\Web\Build\App_Code\Xsd\ReportsAccountsSubsidiarySummaryExpense.cs'.
Microsoft (R) Xml Schemas/DataTypes support utility
[Microsoft (R) .NET Framework, Version 2.0.50727.3038]
Copyright (C) Microsoft Corporation. All rights reserved.
Writing file 'E:\Phoenix\Working\Build\Web\Build\App_Code\Xsd\ReportsAccountsSupplierStatementOfAccounts.cs'.
Microsoft (R) Xml Schemas/DataTypes support utility
[Microsoft (R) .NET Framework, Version 2.0.50727.3038]
Copyright (C) Microsoft Corporation. All rights reserved.
Writing file 'E:\Phoenix\Working\Build\Web\Build\App_Code\Xsd\ReportsAccountsTravelAdvancePaymenVoucherReport.cs'.
Microsoft (R) Xml Schemas/DataTypes support utility
[Microsoft (R) .NET Framework, Version 2.0.50727.3038]
Copyright (C) Microsoft Corporation. All rights reserved.
Writing file 'E:\Phoenix\Working\Build\Web\Build\App_Code\Xsd\ReportsAccountsTravelClaimDebitNoteView.cs'.
Microsoft (R) Xml Schemas/DataTypes support utility
[Microsoft (R) .NET Framework, Version 2.0.50727.3038]
Copyright (C) Microsoft Corporation. All rights reserved.
Writing file 'E:\Phoenix\Working\Build\Web\Build\App_Code\Xsd\ReportsAccountsTravelClaimPost.cs'.
Microsoft (R) Xml Schemas/DataTypes support utility
[Microsoft (R) .NET Framework, Version 2.0.50727.3038]
Copyright (C) Microsoft Corporation. All rights reserved.
Writing file 'E:\Phoenix\Working\Build\Web\Build\App_Code\Xsd\ReportsAccountsUnallocatedVendorPayment.cs'.
Microsoft (R) Xml Schemas/DataTypes support utility
[Microsoft (R) .NET Framework, Version 2.0.50727.3038]
Copyright (C) Microsoft Corporation. All rights reserved.
Writing file 'E:\Phoenix\Working\Build\Web\Build\App_Code\Xsd\ReportsAccountsVariance.cs'.
Microsoft (R) Xml Schemas/DataTypes support utility
[Microsoft (R) .NET Framework, Version 2.0.50727.3038]
Copyright (C) Microsoft Corporation. All rights reserved.
Writing file 'E:\Phoenix\Working\Build\Web\Build\App_Code\Xsd\ReportsAccountsVesselMonthlyVariance.cs'.
Microsoft (R) Xml Schemas/DataTypes support utility
[Microsoft (R) .NET Framework, Version 2.0.50727.3038]
Copyright (C) Microsoft Corporation. All rights reserved.
Writing file 'E:\Phoenix\Working\Build\Web\Build\App_Code\Xsd\ReportsAccountsVesselReconcilation.cs'.
Microsoft (R) Xml Schemas/DataTypes support utility
[Microsoft (R) .NET Framework, Version 2.0.50727.3038]
Copyright (C) Microsoft Corporation. All rights reserved.
Writing file 'E:\Phoenix\Working\Build\Web\Build\App_Code\Xsd\ReportsAccountsVesselSummaryBalance.cs'.
Microsoft (R) Xml Schemas/DataTypes support utility
[Microsoft (R) .NET Framework, Version 2.0.50727.3038]
Copyright (C) Microsoft Corporation. All rights reserved.
Writing file 'E:\Phoenix\Working\Build\Web\Build\App_Code\Xsd\ReportsAccountsVesselTrailBalance.cs'.
Microsoft (R) Xml Schemas/DataTypes support utility
[Microsoft (R) .NET Framework, Version 2.0.50727.3038]
Copyright (C) Microsoft Corporation. All rights reserved.
Writing file 'E:\Phoenix\Working\Build\Web\Build\App_Code\Xsd\ReportsAccountsVesselVariance.cs'.
Microsoft (R) Xml Schemas/DataTypes support utility
[Microsoft (R) .NET Framework, Version 2.0.50727.3038]
Copyright (C) Microsoft Corporation. All rights reserved.
Writing file 'E:\Phoenix\Working\Build\Web\Build\App_Code\Xsd\ReportsAccountsVesselYearlyVariance.cs'.
Microsoft (R) Xml Schemas/DataTypes support utility
[Microsoft (R) .NET Framework, Version 2.0.50727.3038]
Copyright (C) Microsoft Corporation. All rights reserved.
Writing file 'E:\Phoenix\Working\Build\Web\Build\App_Code\Xsd\ReportsAccountsVoucherGeneral.cs'.
Microsoft (R) Xml Schemas/DataTypes support utility
[Microsoft (R) .NET Framework, Version 2.0.50727.3038]
Copyright (C) Microsoft Corporation. All rights reserved.
Writing file 'E:\Phoenix\Working\Build\Web\Build\App_Code\Xsd\ReportsCrewAdditionalCrewOnBoard.cs'.
Microsoft (R) Xml Schemas/DataTypes support utility
[Microsoft (R) .NET Framework, Version 2.0.50727.3038]
Copyright (C) Microsoft Corporation. All rights reserved.
Writing file 'E:\Phoenix\Working\Build\Web\Build\App_Code\Xsd\ReportsCrewAppointmentLetter.cs'.
Microsoft (R) Xml Schemas/DataTypes support utility
[Microsoft (R) .NET Framework, Version 2.0.50727.3038]
Copyright (C) Microsoft Corporation. All rights reserved.
Writing file 'E:\Phoenix\Working\Build\Web\Build\App_Code\Xsd\ReportsCrewBioData.cs'.
Microsoft (R) Xml Schemas/DataTypes support utility
[Microsoft (R) .NET Framework, Version 2.0.50727.3038]
Copyright (C) Microsoft Corporation. All rights reserved.
Writing file 'E:\Phoenix\Working\Build\Web\Build\App_Code\Xsd\ReportsCrewBpmsContract.cs'.
Microsoft (R) Xml Schemas/DataTypes support utility
[Microsoft (R) .NET Framework, Version 2.0.50727.3038]
Copyright (C) Microsoft Corporation. All rights reserved.
Writing file 'E:\Phoenix\Working\Build\Web\Build\App_Code\Xsd\ReportsCrewChangePD.cs'.
Microsoft (R) Xml Schemas/DataTypes support utility
[Microsoft (R) .NET Framework, Version 2.0.50727.3038]
Copyright (C) Microsoft Corporation. All rights reserved.
Writing file 'E:\Phoenix\Working\Build\Web\Build\App_Code\Xsd\ReportsCrewContract.cs'.
Microsoft (R) Xml Schemas/DataTypes support utility
[Microsoft (R) .NET Framework, Version 2.0.50727.3038]
Copyright (C) Microsoft Corporation. All rights reserved.
Writing file 'E:\Phoenix\Working\Build\Web\Build\App_Code\Xsd\ReportsCrewContractComponent.cs'.
Microsoft (R) Xml Schemas/DataTypes support utility
[Microsoft (R) .NET Framework, Version 2.0.50727.3038]
Copyright (C) Microsoft Corporation. All rights reserved.
Writing file 'E:\Phoenix\Working\Build\Web\Build\App_Code\Xsd\ReportsCrewContractComponentDeduction.cs'.
Microsoft (R) Xml Schemas/DataTypes support utility
[Microsoft (R) .NET Framework, Version 2.0.50727.3038]
Copyright (C) Microsoft Corporation. All rights reserved.
Writing file 'E:\Phoenix\Working\Build\Web\Build\App_Code\Xsd\ReportsCrewContractComponentDeductions2.cs'.
Microsoft (R) Xml Schemas/DataTypes support utility
[Microsoft (R) .NET Framework, Version 2.0.50727.3038]
Copyright (C) Microsoft Corporation. All rights reserved.
Writing file 'E:\Phoenix\Working\Build\Web\Build\App_Code\Xsd\ReportsCrewContractComponentEarning.cs'.
Microsoft (R) Xml Schemas/DataTypes support utility
[Microsoft (R) .NET Framework, Version 2.0.50727.3038]
Copyright (C) Microsoft Corporation. All rights reserved.
Writing file 'E:\Phoenix\Working\Build\Web\Build\App_Code\Xsd\ReportsCrewContractComponentEarning2.cs'.
Microsoft (R) Xml Schemas/DataTypes support utility
[Microsoft (R) .NET Framework, Version 2.0.50727.3038]
Copyright (C) Microsoft Corporation. All rights reserved.
Writing file 'E:\Phoenix\Working\Build\Web\Build\App_Code\Xsd\ReportsCrewContractSubDeductions.cs'.
Microsoft (R) Xml Schemas/DataTypes support utility
[Microsoft (R) .NET Framework, Version 2.0.50727.3038]
Copyright (C) Microsoft Corporation. All rights reserved.
Writing file 'E:\Phoenix\Working\Build\Web\Build\App_Code\Xsd\ReportsCrewContractSubEarnings.cs'.
Microsoft (R) Xml Schemas/DataTypes support utility
[Microsoft (R) .NET Framework, Version 2.0.50727.3038]
Copyright (C) Microsoft Corporation. All rights reserved.
Writing file 'E:\Phoenix\Working\Build\Web\Build\App_Code\Xsd\ReportsCrewContractSubReimbursements.cs'.
Microsoft (R) Xml Schemas/DataTypes support utility
[Microsoft (R) .NET Framework, Version 2.0.50727.3038]
Copyright (C) Microsoft Corporation. All rights reserved.
Writing file 'E:\Phoenix\Working\Build\Web\Build\App_Code\Xsd\ReportsCrewCourseCertificate.cs'.
Microsoft (R) Xml Schemas/DataTypes support utility
[Microsoft (R) .NET Framework, Version 2.0.50727.3038]
Copyright (C) Microsoft Corporation. All rights reserved.
Writing file 'E:\Phoenix\Working\Build\Web\Build\App_Code\Xsd\ReportsCrewCourseNotDone.cs'.
Microsoft (R) Xml Schemas/DataTypes support utility
[Microsoft (R) .NET Framework, Version 2.0.50727.3038]
Copyright (C) Microsoft Corporation. All rights reserved.
Writing file 'E:\Phoenix\Working\Build\Web\Build\App_Code\Xsd\ReportsCrewCourseRegistrationForm.cs'.
Microsoft (R) Xml Schemas/DataTypes support utility
[Microsoft (R) .NET Framework, Version 2.0.50727.3038]
Copyright (C) Microsoft Corporation. All rights reserved.
Writing file 'E:\Phoenix\Working\Build\Web\Build\App_Code\Xsd\ReportsCrewCoursesDone.cs'.
Microsoft (R) Xml Schemas/DataTypes support utility
[Microsoft (R) .NET Framework, Version 2.0.50727.3038]
Copyright (C) Microsoft Corporation. All rights reserved.
Writing file 'E:\Phoenix\Working\Build\Web\Build\App_Code\Xsd\ReportsCrewDceLetter.cs'.
Microsoft (R) Xml Schemas/DataTypes support utility
[Microsoft (R) .NET Framework, Version 2.0.50727.3038]
Copyright (C) Microsoft Corporation. All rights reserved.
Writing file 'E:\Phoenix\Working\Build\Web\Build\App_Code\Xsd\ReportsCrewDelayedRelief.cs'.
Microsoft (R) Xml Schemas/DataTypes support utility
[Microsoft (R) .NET Framework, Version 2.0.50727.3038]
Copyright (C) Microsoft Corporation. All rights reserved.
Writing file 'E:\Phoenix\Working\Build\Web\Build\App_Code\Xsd\ReportsCrewDelayedReliefSub.cs'.
Microsoft (R) Xml Schemas/DataTypes support utility
[Microsoft (R) .NET Framework, Version 2.0.50727.3038]
Copyright (C) Microsoft Corporation. All rights reserved.
Writing file 'E:\Phoenix\Working\Build\Web\Build\App_Code\Xsd\ReportsCrewDepartmentInformationReport.cs'.
Microsoft (R) Xml Schemas/DataTypes support utility
[Microsoft (R) .NET Framework, Version 2.0.50727.3038]
Copyright (C) Microsoft Corporation. All rights reserved.
Writing file 'E:\Phoenix\Working\Build\Web\Build\App_Code\Xsd\ReportsCrewDepartureReport.cs'.
Microsoft (R) Xml Schemas/DataTypes support utility
[Microsoft (R) .NET Framework, Version 2.0.50727.3038]
Copyright (C) Microsoft Corporation. All rights reserved.
Writing file 'E:\Phoenix\Working\Build\Web\Build\App_Code\Xsd\ReportsCrewEmergencySignOff.cs'.
Microsoft (R) Xml Schemas/DataTypes support utility
[Microsoft (R) .NET Framework, Version 2.0.50727.3038]
Copyright (C) Microsoft Corporation. All rights reserved.
Writing file 'E:\Phoenix\Working\Build\Web\Build\App_Code\Xsd\ReportsCrewExpiringDocumentsList.cs'.
Microsoft (R) Xml Schemas/DataTypes support utility
[Microsoft (R) .NET Framework, Version 2.0.50727.3038]
Copyright (C) Microsoft Corporation. All rights reserved.
Writing file 'E:\Phoenix\Working\Build\Web\Build\App_Code\Xsd\ReportsCrewFamilyIdCardReport.cs'.
Microsoft (R) Xml Schemas/DataTypes support utility
[Microsoft (R) .NET Framework, Version 2.0.50727.3038]
Copyright (C) Microsoft Corporation. All rights reserved.
Writing file 'E:\Phoenix\Working\Build\Web\Build\App_Code\Xsd\ReportsCrewHongKongApplicationForm.cs'.
Microsoft (R) Xml Schemas/DataTypes support utility
[Microsoft (R) .NET Framework, Version 2.0.50727.3038]
Copyright (C) Microsoft Corporation. All rights reserved.
Writing file 'E:\Phoenix\Working\Build\Web\Build\App_Code\Xsd\ReportsCrewHongKongCRA.cs'.
Microsoft (R) Xml Schemas/DataTypes support utility
[Microsoft (R) .NET Framework, Version 2.0.50727.3038]
Copyright (C) Microsoft Corporation. All rights reserved.
Writing file 'E:\Phoenix\Working\Build\Web\Build\App_Code\Xsd\ReportsCrewHotelRoomBookingOrder.cs'.
Microsoft (R) Xml Schemas/DataTypes support utility
[Microsoft (R) .NET Framework, Version 2.0.50727.3038]
Copyright (C) Microsoft Corporation. All rights reserved.
Writing file 'E:\Phoenix\Working\Build\Web\Build\App_Code\Xsd\ReportsCrewIdCardReport.cs'.
Microsoft (R) Xml Schemas/DataTypes support utility
[Microsoft (R) .NET Framework, Version 2.0.50727.3038]
Copyright (C) Microsoft Corporation. All rights reserved.
Writing file 'E:\Phoenix\Working\Build\Web\Build\App_Code\Xsd\ReportsCrewIndianLicence.cs'.
Microsoft (R) Xml Schemas/DataTypes support utility
[Microsoft (R) .NET Framework, Version 2.0.50727.3038]
Copyright (C) Microsoft Corporation. All rights reserved.
Writing file 'E:\Phoenix\Working\Build\Web\Build\App_Code\Xsd\ReportsCrewJOAppraisal.cs'.
Microsoft (R) Xml Schemas/DataTypes support utility
[Microsoft (R) .NET Framework, Version 2.0.50727.3038]
Copyright (C) Microsoft Corporation. All rights reserved.
Writing file 'E:\Phoenix\Working\Build\Web\Build\App_Code\Xsd\ReportsCrewJoiningPapers.cs'.
Microsoft (R) Xml Schemas/DataTypes support utility
[Microsoft (R) .NET Framework, Version 2.0.50727.3038]
Copyright (C) Microsoft Corporation. All rights reserved.
Writing file 'E:\Phoenix\Working\Build\Web\Build\App_Code\Xsd\ReportsCrewJuniorOfficerReport.cs'.
Microsoft (R) Xml Schemas/DataTypes support utility
[Microsoft (R) .NET Framework, Version 2.0.50727.3038]
Copyright (C) Microsoft Corporation. All rights reserved.
Writing file 'E:\Phoenix\Working\Build\Web\Build\App_Code\Xsd\ReportsCrewLetterDCE.cs'.
Microsoft (R) Xml Schemas/DataTypes support utility
[Microsoft (R) .NET Framework, Version 2.0.50727.3038]
Copyright (C) Microsoft Corporation. All rights reserved.
Writing file 'E:\Phoenix\Working\Build\Web\Build\App_Code\Xsd\ReportsCrewLicence.cs'.
Microsoft (R) Xml Schemas/DataTypes support utility
[Microsoft (R) .NET Framework, Version 2.0.50727.3038]
Copyright (C) Microsoft Corporation. All rights reserved.
Writing file 'E:\Phoenix\Working\Build\Web\Build\App_Code\Xsd\ReportsCrewListOfVessels.cs'.
Microsoft (R) Xml Schemas/DataTypes support utility
[Microsoft (R) .NET Framework, Version 2.0.50727.3038]
Copyright (C) Microsoft Corporation. All rights reserved.
Writing file 'E:\Phoenix\Working\Build\Web\Build\App_Code\Xsd\ReportsCrewMaltese.cs'.
Microsoft (R) Xml Schemas/DataTypes support utility
[Microsoft (R) .NET Framework, Version 2.0.50727.3038]
Copyright (C) Microsoft Corporation. All rights reserved.
Writing file 'E:\Phoenix\Working\Build\Web\Build\App_Code\Xsd\ReportsCrewMarshallIslandApplication.cs'.
Microsoft (R) Xml Schemas/DataTypes support utility
[Microsoft (R) .NET Framework, Version 2.0.50727.3038]
Copyright (C) Microsoft Corporation. All rights reserved.
Writing file 'E:\Phoenix\Working\Build\Web\Build\App_Code\Xsd\ReportsCrewMarshallIslandHistory.cs'.
Microsoft (R) Xml Schemas/DataTypes support utility
[Microsoft (R) .NET Framework, Version 2.0.50727.3038]
Copyright (C) Microsoft Corporation. All rights reserved.
Writing file 'E:\Phoenix\Working\Build\Web\Build\App_Code\Xsd\ReportsCrewMarshallIslandSubApplication.cs'.
Microsoft (R) Xml Schemas/DataTypes support utility
[Microsoft (R) .NET Framework, Version 2.0.50727.3038]
Copyright (C) Microsoft Corporation. All rights reserved.
Writing file 'E:\Phoenix\Working\Build\Web\Build\App_Code\Xsd\ReportsCrewMarshsallIslandCOCApplication.cs'.
Microsoft (R) Xml Schemas/DataTypes support utility
[Microsoft (R) .NET Framework, Version 2.0.50727.3038]
Copyright (C) Microsoft Corporation. All rights reserved.
Writing file 'E:\Phoenix\Working\Build\Web\Build\App_Code\Xsd\ReportsCrewMedicalReportForJoiners.cs'.
Microsoft (R) Xml Schemas/DataTypes support utility
[Microsoft (R) .NET Framework, Version 2.0.50727.3038]
Copyright (C) Microsoft Corporation. All rights reserved.
Writing file 'E:\Phoenix\Working\Build\Web\Build\App_Code\Xsd\ReportsCrewMedicalSlip.cs'.
Microsoft (R) Xml Schemas/DataTypes support utility
[Microsoft (R) .NET Framework, Version 2.0.50727.3038]
Copyright (C) Microsoft Corporation. All rights reserved.
Writing file 'E:\Phoenix\Working\Build\Web\Build\App_Code\Xsd\ReportsCrewMedicalSlipDeclaration.cs'.
Microsoft (R) Xml Schemas/DataTypes support utility
[Microsoft (R) .NET Framework, Version 2.0.50727.3038]
Copyright (C) Microsoft Corporation. All rights reserved.
Writing file 'E:\Phoenix\Working\Build\Web\Build\App_Code\Xsd\ReportsCrewMedicalSlipSubFlagMedical.cs'.
Microsoft (R) Xml Schemas/DataTypes support utility
[Microsoft (R) .NET Framework, Version 2.0.50727.3038]
Copyright (C) Microsoft Corporation. All rights reserved.
Writing file 'E:\Phoenix\Working\Build\Web\Build\App_Code\Xsd\ReportsCrewMedicalSlipSubPreMedical.cs'.
Microsoft (R) Xml Schemas/DataTypes support utility
[Microsoft (R) .NET Framework, Version 2.0.50727.3038]
Copyright (C) Microsoft Corporation. All rights reserved.
Writing file 'E:\Phoenix\Working\Build\Web\Build\App_Code\Xsd\ReportsCrewMedicalSlipSubTests.cs'.
Microsoft (R) Xml Schemas/DataTypes support utility
[Microsoft (R) .NET Framework, Version 2.0.50727.3038]
Copyright (C) Microsoft Corporation. All rights reserved.
Writing file 'E:\Phoenix\Working\Build\Web\Build\App_Code\Xsd\ReportsCrewMedicalSlipVaccination.cs'.
Microsoft (R) Xml Schemas/DataTypes support utility
[Microsoft (R) .NET Framework, Version 2.0.50727.3038]
Copyright (C) Microsoft Corporation. All rights reserved.
Writing file 'E:\Phoenix\Working\Build\Web\Build\App_Code\Xsd\ReportsCrewMissingDocuments.cs'.
Microsoft (R) Xml Schemas/DataTypes support utility
[Microsoft (R) .NET Framework, Version 2.0.50727.3038]
Copyright (C) Microsoft Corporation. All rights reserved.
Writing file 'E:\Phoenix\Working\Build\Web\Build\App_Code\Xsd\ReportsCrewOffshoreAppointmentLetter.cs'.
Microsoft (R) Xml Schemas/DataTypes support utility
[Microsoft (R) .NET Framework, Version 2.0.50727.3038]
Copyright (C) Microsoft Corporation. All rights reserved.
Writing file 'E:\Phoenix\Working\Build\Web\Build\App_Code\Xsd\ReportsCrewOffshoreCrewList.cs'.
Microsoft (R) Xml Schemas/DataTypes support utility
[Microsoft (R) .NET Framework, Version 2.0.50727.3038]
Copyright (C) Microsoft Corporation. All rights reserved.
Writing file 'E:\Phoenix\Working\Build\Web\Build\App_Code\Xsd\ReportsCrewOffshoreDocumentChecklist.cs'.
Microsoft (R) Xml Schemas/DataTypes support utility
[Microsoft (R) .NET Framework, Version 2.0.50727.3038]
Copyright (C) Microsoft Corporation. All rights reserved.
Writing file 'E:\Phoenix\Working\Build\Web\Build\App_Code\Xsd\ReportsCrewOffshoreInterviewSheet.cs'.
Microsoft (R) Xml Schemas/DataTypes support utility
[Microsoft (R) .NET Framework, Version 2.0.50727.3038]
Copyright (C) Microsoft Corporation. All rights reserved.
Writing file 'E:\Phoenix\Working\Build\Web\Build\App_Code\Xsd\ReportsCrewOffshoreOfferLetter.cs'.
Microsoft (R) Xml Schemas/DataTypes support utility
[Microsoft (R) .NET Framework, Version 2.0.50727.3038]
Copyright (C) Microsoft Corporation. All rights reserved.
Writing file 'E:\Phoenix\Working\Build\Web\Build\App_Code\Xsd\ReportsCrewOffshoreOVIDMatrix.cs'.
Microsoft (R) Xml Schemas/DataTypes support utility
[Microsoft (R) .NET Framework, Version 2.0.50727.3038]
Copyright (C) Microsoft Corporation. All rights reserved.
Writing file 'E:\Phoenix\Working\Build\Web\Build\App_Code\Xsd\ReportsCrewOffshoreShellCrewList.cs'.
Microsoft (R) Xml Schemas/DataTypes support utility
[Microsoft (R) .NET Framework, Version 2.0.50727.3038]
Copyright (C) Microsoft Corporation. All rights reserved.
Writing file 'E:\Phoenix\Working\Build\Web\Build\App_Code\Xsd\ReportsCrewOffshoreShellPD.cs'.
Microsoft (R) Xml Schemas/DataTypes support utility
[Microsoft (R) .NET Framework, Version 2.0.50727.3038]
Copyright (C) Microsoft Corporation. All rights reserved.
Writing file 'E:\Phoenix\Working\Build\Web\Build\App_Code\Xsd\ReportsCrewOffshoreShellPPRegistration.cs'.
Microsoft (R) Xml Schemas/DataTypes support utility
[Microsoft (R) .NET Framework, Version 2.0.50727.3038]
Copyright (C) Microsoft Corporation. All rights reserved.
Writing file 'E:\Phoenix\Working\Build\Web\Build\App_Code\Xsd\ReportsCrewOffshoreStatementOfFacts.cs'.
Microsoft (R) Xml Schemas/DataTypes support utility
[Microsoft (R) .NET Framework, Version 2.0.50727.3038]
Copyright (C) Microsoft Corporation. All rights reserved.
Writing file 'E:\Phoenix\Working\Build\Web\Build\App_Code\Xsd\ReportsCrewOffshoreTrainingCertificate.cs'.
Microsoft (R) Xml Schemas/DataTypes support utility
[Microsoft (R) .NET Framework, Version 2.0.50727.3038]
Copyright (C) Microsoft Corporation. All rights reserved.
Writing file 'E:\Phoenix\Working\Build\Web\Build\App_Code\Xsd\ReportsCrewOnBoardList.cs'.
Microsoft (R) Xml Schemas/DataTypes support utility
[Microsoft (R) .NET Framework, Version 2.0.50727.3038]
Copyright (C) Microsoft Corporation. All rights reserved.
Writing file 'E:\Phoenix\Working\Build\Web\Build\App_Code\Xsd\ReportsCrewOwnerWisePlanner.cs'.
Microsoft (R) Xml Schemas/DataTypes support utility
[Microsoft (R) .NET Framework, Version 2.0.50727.3038]
Copyright (C) Microsoft Corporation. All rights reserved.
Writing file 'E:\Phoenix\Working\Build\Web\Build\App_Code\Xsd\ReportsCrewPanamaRotterdamApplication.cs'.
Microsoft (R) Xml Schemas/DataTypes support utility
[Microsoft (R) .NET Framework, Version 2.0.50727.3038]
Copyright (C) Microsoft Corporation. All rights reserved.
Writing file 'E:\Phoenix\Working\Build\Web\Build\App_Code\Xsd\ReportsCrewParticipantsFeedback.cs'.
Microsoft (R) Xml Schemas/DataTypes support utility
[Microsoft (R) .NET Framework, Version 2.0.50727.3038]
Copyright (C) Microsoft Corporation. All rights reserved.
Writing file 'E:\Phoenix\Working\Build\Web\Build\App_Code\Xsd\ReportsCrewPDCoursesSub.cs'.
Microsoft (R) Xml Schemas/DataTypes support utility
[Microsoft (R) .NET Framework, Version 2.0.50727.3038]
Copyright (C) Microsoft Corporation. All rights reserved.
Writing file 'E:\Phoenix\Working\Build\Web\Build\App_Code\Xsd\ReportsCrewPDOwner.cs'.
Microsoft (R) Xml Schemas/DataTypes support utility
[Microsoft (R) .NET Framework, Version 2.0.50727.3038]
Copyright (C) Microsoft Corporation. All rights reserved.
Writing file 'E:\Phoenix\Working\Build\Web\Build\App_Code\Xsd\ReportsCrewPostTenureReport.cs'.
Microsoft (R) Xml Schemas/DataTypes support utility
[Microsoft (R) .NET Framework, Version 2.0.50727.3038]
Copyright (C) Microsoft Corporation. All rights reserved.
Writing file 'E:\Phoenix\Working\Build\Web\Build\App_Code\Xsd\ReportsCrewRelifPlanningReports.cs'.
Microsoft (R) Xml Schemas/DataTypes support utility
[Microsoft (R) .NET Framework, Version 2.0.50727.3038]
Copyright (C) Microsoft Corporation. All rights reserved.
Writing file 'E:\Phoenix\Working\Build\Web\Build\App_Code\Xsd\ReportsCrewSeatimeLetter.cs'.
Microsoft (R) Xml Schemas/DataTypes support utility
[Microsoft (R) .NET Framework, Version 2.0.50727.3038]
Copyright (C) Microsoft Corporation. All rights reserved.
Writing file 'E:\Phoenix\Working\Build\Web\Build\App_Code\Xsd\ReportsCrewShortContractReport.cs'.
Microsoft (R) Xml Schemas/DataTypes support utility
[Microsoft (R) .NET Framework, Version 2.0.50727.3038]
Copyright (C) Microsoft Corporation. All rights reserved.
Writing file 'E:\Phoenix\Working\Build\Web\Build\App_Code\Xsd\ReportsCrewSignOffRecord.cs'.
Microsoft (R) Xml Schemas/DataTypes support utility
[Microsoft (R) .NET Framework, Version 2.0.50727.3038]
Copyright (C) Microsoft Corporation. All rights reserved.
Writing file 'E:\Phoenix\Working\Build\Web\Build\App_Code\Xsd\ReportsCrewSignOnDateReport.cs'.
Microsoft (R) Xml Schemas/DataTypes support utility
[Microsoft (R) .NET Framework, Version 2.0.50727.3038]
Copyright (C) Microsoft Corporation. All rights reserved.
Writing file 'E:\Phoenix\Working\Build\Web\Build\App_Code\Xsd\ReportsCrewSingaporeDCE1.cs'.
Microsoft (R) Xml Schemas/DataTypes support utility
[Microsoft (R) .NET Framework, Version 2.0.50727.3038]
Copyright (C) Microsoft Corporation. All rights reserved.
Writing file 'E:\Phoenix\Working\Build\Web\Build\App_Code\Xsd\ReportsCrewSingaporeDCE2.cs'.
Microsoft (R) Xml Schemas/DataTypes support utility
[Microsoft (R) .NET Framework, Version 2.0.50727.3038]
Copyright (C) Microsoft Corporation. All rights reserved.
Writing file 'E:\Phoenix\Working\Build\Web\Build\App_Code\Xsd\ReportsCrewStatusOfCrewChange.cs'.
Microsoft (R) Xml Schemas/DataTypes support utility
[Microsoft (R) .NET Framework, Version 2.0.50727.3038]
Copyright (C) Microsoft Corporation. All rights reserved.
Writing file 'E:\Phoenix\Working\Build\Web\Build\App_Code\Xsd\ReportsCrewTravelInvoice.cs'.
Microsoft (R) Xml Schemas/DataTypes support utility
[Microsoft (R) .NET Framework, Version 2.0.50727.3038]
Copyright (C) Microsoft Corporation. All rights reserved.
Writing file 'E:\Phoenix\Working\Build\Web\Build\App_Code\Xsd\ReportsCrewWGIssuedItem.cs'.
Microsoft (R) Xml Schemas/DataTypes support utility
[Microsoft (R) .NET Framework, Version 2.0.50727.3038]
Copyright (C) Microsoft Corporation. All rights reserved.
Writing file 'E:\Phoenix\Working\Build\Web\Build\App_Code\Xsd\ReportsDetailsOfVesselSailingShortofCrew.cs'.
Microsoft (R) Xml Schemas/DataTypes support utility
[Microsoft (R) .NET Framework, Version 2.0.50727.3038]
Copyright (C) Microsoft Corporation. All rights reserved.
Writing file 'E:\Phoenix\Working\Build\Web\Build\App_Code\Xsd\ReportsDMRMidNight.cs'.
Microsoft (R) Xml Schemas/DataTypes support utility
[Microsoft (R) .NET Framework, Version 2.0.50727.3038]
Copyright (C) Microsoft Corporation. All rights reserved.
Writing file 'E:\Phoenix\Working\Build\Web\Build\App_Code\Xsd\ReportsDMRMidNightTankPlan.cs'.
Microsoft (R) Xml Schemas/DataTypes support utility
[Microsoft (R) .NET Framework, Version 2.0.50727.3038]
Copyright (C) Microsoft Corporation. All rights reserved.
Writing file 'E:\Phoenix\Working\Build\Web\Build\App_Code\Xsd\ReportsDMRMonthlyReportsDatewise.cs'.
Microsoft (R) Xml Schemas/DataTypes support utility
[Microsoft (R) .NET Framework, Version 2.0.50727.3038]
Copyright (C) Microsoft Corporation. All rights reserved.
Writing file 'E:\Phoenix\Working\Build\Web\Build\App_Code\Xsd\ReportsEngineLogMEParam.cs'.
Microsoft (R) Xml Schemas/DataTypes support utility
[Microsoft (R) .NET Framework, Version 2.0.50727.3038]
Copyright (C) Microsoft Corporation. All rights reserved.
Writing file 'E:\Phoenix\Working\Build\Web\Build\App_Code\Xsd\ReportsInspectionDailyWorkPlan.cs'.
Microsoft (R) Xml Schemas/DataTypes support utility
[Microsoft (R) .NET Framework, Version 2.0.50727.3038]
Copyright (C) Microsoft Corporation. All rights reserved.
Writing file 'E:\Phoenix\Working\Build\Web\Build\App_Code\Xsd\ReportsInspectionDeficiencyReport.cs'.
Microsoft (R) Xml Schemas/DataTypes support utility
[Microsoft (R) .NET Framework, Version 2.0.50727.3038]
Copyright (C) Microsoft Corporation. All rights reserved.
Writing file 'E:\Phoenix\Working\Build\Web\Build\App_Code\Xsd\ReportsInspectionIncident.cs'.
Microsoft (R) Xml Schemas/DataTypes support utility
[Microsoft (R) .NET Framework, Version 2.0.50727.3038]
Copyright (C) Microsoft Corporation. All rights reserved.
Writing file 'E:\Phoenix\Working\Build\Web\Build\App_Code\Xsd\ReportsInspectionMachineryDamage.cs'.
Microsoft (R) Xml Schemas/DataTypes support utility
[Microsoft (R) .NET Framework, Version 2.0.50727.3038]
Copyright (C) Microsoft Corporation. All rights reserved.
Writing file 'E:\Phoenix\Working\Build\Web\Build\App_Code\Xsd\ReportsInspectionSickness.cs'.
Microsoft (R) Xml Schemas/DataTypes support utility
[Microsoft (R) .NET Framework, Version 2.0.50727.3038]
Copyright (C) Microsoft Corporation. All rights reserved.
Writing file 'E:\Phoenix\Working\Build\Web\Build\App_Code\Xsd\ReportsIsleOfManApplication.cs'.
Microsoft (R) Xml Schemas/DataTypes support utility
[Microsoft (R) .NET Framework, Version 2.0.50727.3038]
Copyright (C) Microsoft Corporation. All rights reserved.
Writing file 'E:\Phoenix\Working\Build\Web\Build\App_Code\Xsd\ReportsLiberianApplicationCOC.cs'.
Microsoft (R) Xml Schemas/DataTypes support utility
[Microsoft (R) .NET Framework, Version 2.0.50727.3038]
Copyright (C) Microsoft Corporation. All rights reserved.
Writing file 'E:\Phoenix\Working\Build\Web\Build\App_Code\Xsd\ReportsLiberianApplicationForm.cs'.
Microsoft (R) Xml Schemas/DataTypes support utility
[Microsoft (R) .NET Framework, Version 2.0.50727.3038]
Copyright (C) Microsoft Corporation. All rights reserved.
Writing file 'E:\Phoenix\Working\Build\Web\Build\App_Code\Xsd\ReportsMedicallyUnfitOfficersReport.cs'.
Microsoft (R) Xml Schemas/DataTypes support utility
[Microsoft (R) .NET Framework, Version 2.0.50727.3038]
Copyright (C) Microsoft Corporation. All rights reserved.
Writing file 'E:\Phoenix\Working\Build\Web\Build\App_Code\Xsd\ReportsMonthlyOwnersSpareItemTransaction.cs'.
Microsoft (R) Xml Schemas/DataTypes support utility
[Microsoft (R) .NET Framework, Version 2.0.50727.3038]
Copyright (C) Microsoft Corporation. All rights reserved.
Writing file 'E:\Phoenix\Working\Build\Web\Build\App_Code\Xsd\ReportsMonthlyOwnerVesselDetails.cs'.
Microsoft (R) Xml Schemas/DataTypes support utility
[Microsoft (R) .NET Framework, Version 2.0.50727.3038]
Copyright (C) Microsoft Corporation. All rights reserved.
Writing file 'E:\Phoenix\Working\Build\Web\Build\App_Code\Xsd\ReportsOwnerCommercialPerformanceFreshWater.cs'.
Microsoft (R) Xml Schemas/DataTypes support utility
[Microsoft (R) .NET Framework, Version 2.0.50727.3038]
Copyright (C) Microsoft Corporation. All rights reserved.
Writing file 'E:\Phoenix\Working\Build\Web\Build\App_Code\Xsd\ReportsOwnerCommercialPerformanceFuelOil.cs'.
Microsoft (R) Xml Schemas/DataTypes support utility
[Microsoft (R) .NET Framework, Version 2.0.50727.3038]
Copyright (C) Microsoft Corporation. All rights reserved.
Writing file 'E:\Phoenix\Working\Build\Web\Build\App_Code\Xsd\ReportsOwnerCommercialPerformanceLubeOil.cs'.
Microsoft (R) Xml Schemas/DataTypes support utility
[Microsoft (R) .NET Framework, Version 2.0.50727.3038]
Copyright (C) Microsoft Corporation. All rights reserved.
Writing file 'E:\Phoenix\Working\Build\Web\Build\App_Code\Xsd\ReportsOwnerCommercialPerformanceSummary.cs'.
Microsoft (R) Xml Schemas/DataTypes support utility
[Microsoft (R) .NET Framework, Version 2.0.50727.3038]
Copyright (C) Microsoft Corporation. All rights reserved.
Writing file 'E:\Phoenix\Working\Build\Web\Build\App_Code\Xsd\ReportsOwnerExceptionReport.cs'.
Microsoft (R) Xml Schemas/DataTypes support utility
[Microsoft (R) .NET Framework, Version 2.0.50727.3038]
Copyright (C) Microsoft Corporation. All rights reserved.
Writing file 'E:\Phoenix\Working\Build\Web\Build\App_Code\Xsd\ReportsPEARS.cs'.
Microsoft (R) Xml Schemas/DataTypes support utility
[Microsoft (R) .NET Framework, Version 2.0.50727.3038]
Copyright (C) Microsoft Corporation. All rights reserved.
Writing file 'E:\Phoenix\Working\Build\Web\Build\App_Code\Xsd\ReportsPNIChecklist.cs'.
Microsoft (R) Xml Schemas/DataTypes support utility
[Microsoft (R) .NET Framework, Version 2.0.50727.3038]
Copyright (C) Microsoft Corporation. All rights reserved.
Writing file 'E:\Phoenix\Working\Build\Web\Build\App_Code\Xsd\ReportsPreSeaAdmissionLetter.cs'.
Microsoft (R) Xml Schemas/DataTypes support utility
[Microsoft (R) .NET Framework, Version 2.0.50727.3038]
Copyright (C) Microsoft Corporation. All rights reserved.
Writing file 'E:\Phoenix\Working\Build\Web\Build\App_Code\Xsd\ReportsPreSeaBTechFeesStructure.cs'.
Microsoft (R) Xml Schemas/DataTypes support utility
[Microsoft (R) .NET Framework, Version 2.0.50727.3038]
Copyright (C) Microsoft Corporation. All rights reserved.
Writing file 'E:\Phoenix\Working\Build\Web\Build\App_Code\Xsd\ReportsPreSeaCandidateBioData.cs'.
Microsoft (R) Xml Schemas/DataTypes support utility
[Microsoft (R) .NET Framework, Version 2.0.50727.3038]
Copyright (C) Microsoft Corporation. All rights reserved.
Writing file 'E:\Phoenix\Working\Build\Web\Build\App_Code\Xsd\ReportsPreSeaCashReceipt.cs'.
Microsoft (R) Xml Schemas/DataTypes support utility
[Microsoft (R) .NET Framework, Version 2.0.50727.3038]
Copyright (C) Microsoft Corporation. All rights reserved.
Writing file 'E:\Phoenix\Working\Build\Web\Build\App_Code\Xsd\ReportsPreSeaCDCReport.cs'.
Microsoft (R) Xml Schemas/DataTypes support utility
[Microsoft (R) .NET Framework, Version 2.0.50727.3038]
Copyright (C) Microsoft Corporation. All rights reserved.
Writing file 'E:\Phoenix\Working\Build\Web\Build\App_Code\Xsd\ReportsPreSeaCourseFeedback.cs'.
Microsoft (R) Xml Schemas/DataTypes support utility
[Microsoft (R) .NET Framework, Version 2.0.50727.3038]
Copyright (C) Microsoft Corporation. All rights reserved.
Writing file 'E:\Phoenix\Working\Build\Web\Build\App_Code\Xsd\ReportsPreSeaDNSFeeStructure.cs'.
Microsoft (R) Xml Schemas/DataTypes support utility
[Microsoft (R) .NET Framework, Version 2.0.50727.3038]
Copyright (C) Microsoft Corporation. All rights reserved.
Writing file 'E:\Phoenix\Working\Build\Web\Build\App_Code\Xsd\ReportsPreSeaDNSTotalFees.cs'.
Microsoft (R) Xml Schemas/DataTypes support utility
[Microsoft (R) .NET Framework, Version 2.0.50727.3038]
Copyright (C) Microsoft Corporation. All rights reserved.
Writing file 'E:\Phoenix\Working\Build\Web\Build\App_Code\Xsd\ReportsPreSeaExaminationCallLetter.cs'.
Microsoft (R) Xml Schemas/DataTypes support utility
[Microsoft (R) .NET Framework, Version 2.0.50727.3038]
Copyright (C) Microsoft Corporation. All rights reserved.
Writing file 'E:\Phoenix\Working\Build\Web\Build\App_Code\Xsd\ReportsPreSeaFacultyFeedback.cs'.
Microsoft (R) Xml Schemas/DataTypes support utility
[Microsoft (R) .NET Framework, Version 2.0.50727.3038]
Copyright (C) Microsoft Corporation. All rights reserved.
Writing file 'E:\Phoenix\Working\Build\Web\Build\App_Code\Xsd\ReportsPreSeaFirstSemesterPayment.cs'.
Microsoft (R) Xml Schemas/DataTypes support utility
[Microsoft (R) .NET Framework, Version 2.0.50727.3038]
Copyright (C) Microsoft Corporation. All rights reserved.
Writing file 'E:\Phoenix\Working\Build\Web\Build\App_Code\Xsd\ReportsPreSeaGMEFeeStructure.cs'.
Microsoft (R) Xml Schemas/DataTypes support utility
[Microsoft (R) .NET Framework, Version 2.0.50727.3038]
Copyright (C) Microsoft Corporation. All rights reserved.
Writing file 'E:\Phoenix\Working\Build\Web\Build\App_Code\Xsd\ReportsPreSeaIMUApplication.cs'.
Microsoft (R) Xml Schemas/DataTypes support utility
[Microsoft (R) .NET Framework, Version 2.0.50727.3038]
Copyright (C) Microsoft Corporation. All rights reserved.
Writing file 'E:\Phoenix\Working\Build\Web\Build\App_Code\Xsd\ReportsPreSeaIndividualExamReport.cs'.
Microsoft (R) Xml Schemas/DataTypes support utility
[Microsoft (R) .NET Framework, Version 2.0.50727.3038]
Copyright (C) Microsoft Corporation. All rights reserved.
Writing file 'E:\Phoenix\Working\Build\Web\Build\App_Code\Xsd\ReportsPreSeaOfferLetter.cs'.
Microsoft (R) Xml Schemas/DataTypes support utility
[Microsoft (R) .NET Framework, Version 2.0.50727.3038]
Copyright (C) Microsoft Corporation. All rights reserved.
Writing file 'E:\Phoenix\Working\Build\Web\Build\App_Code\Xsd\ReportsPreSeaOnlineApplication.cs'.
Microsoft (R) Xml Schemas/DataTypes support utility
[Microsoft (R) .NET Framework, Version 2.0.50727.3038]
Copyright (C) Microsoft Corporation. All rights reserved.
Writing file 'E:\Phoenix\Working\Build\Web\Build\App_Code\Xsd\ReportsPreSeaRefundLetter.cs'.
Microsoft (R) Xml Schemas/DataTypes support utility
[Microsoft (R) .NET Framework, Version 2.0.50727.3038]
Copyright (C) Microsoft Corporation. All rights reserved.
Writing file 'E:\Phoenix\Working\Build\Web\Build\App_Code\Xsd\ReportsPreSeaSecondSemesterFees.cs'.
Microsoft (R) Xml Schemas/DataTypes support utility
[Microsoft (R) .NET Framework, Version 2.0.50727.3038]
Copyright (C) Microsoft Corporation. All rights reserved.
Writing file 'E:\Phoenix\Working\Build\Web\Build\App_Code\Xsd\ReportsPreSeaVerificationLetter.cs'.
Microsoft (R) Xml Schemas/DataTypes support utility
[Microsoft (R) .NET Framework, Version 2.0.50727.3038]
Copyright (C) Microsoft Corporation. All rights reserved.
Writing file 'E:\Phoenix\Working\Build\Web\Build\App_Code\Xsd\ReportsProcessRAJHASummary.cs'.
Microsoft (R) Xml Schemas/DataTypes support utility
[Microsoft (R) .NET Framework, Version 2.0.50727.3038]
Copyright (C) Microsoft Corporation. All rights reserved.
Writing file 'E:\Phoenix\Working\Build\Web\Build\App_Code\Xsd\ReportsPurchaseDepartmentStrategy.cs'.
Microsoft (R) Xml Schemas/DataTypes support utility
[Microsoft (R) .NET Framework, Version 2.0.50727.3038]
Copyright (C) Microsoft Corporation. All rights reserved.
Writing file 'E:\Phoenix\Working\Build\Web\Build\App_Code\Xsd\ReportsPurchaseOrderForm.cs'.
Microsoft (R) Xml Schemas/DataTypes support utility
[Microsoft (R) .NET Framework, Version 2.0.50727.3038]
Copyright (C) Microsoft Corporation. All rights reserved.
Writing file 'E:\Phoenix\Working\Build\Web\Build\App_Code\Xsd\ReportsPurchasePartPaidRequest.cs'.
Microsoft (R) Xml Schemas/DataTypes support utility
[Microsoft (R) .NET Framework, Version 2.0.50727.3038]
Copyright (C) Microsoft Corporation. All rights reserved.
Writing file 'E:\Phoenix\Working\Build\Web\Build\App_Code\Xsd\ReportsPurchasePOProvisionalService.cs'.
Microsoft (R) Xml Schemas/DataTypes support utility
[Microsoft (R) .NET Framework, Version 2.0.50727.3038]
Copyright (C) Microsoft Corporation. All rights reserved.
Writing file 'E:\Phoenix\Working\Build\Web\Build\App_Code\Xsd\ReportsPurchasePOWithoutInv.cs'.
Microsoft (R) Xml Schemas/DataTypes support utility
[Microsoft (R) .NET Framework, Version 2.0.50727.3038]
Copyright (C) Microsoft Corporation. All rights reserved.
Writing file 'E:\Phoenix\Working\Build\Web\Build\App_Code\Xsd\ReportsPurchaseQuotationCompare.cs'.
Microsoft (R) Xml Schemas/DataTypes support utility
[Microsoft (R) .NET Framework, Version 2.0.50727.3038]
Copyright (C) Microsoft Corporation. All rights reserved.
Writing file 'E:\Phoenix\Working\Build\Web\Build\App_Code\Xsd\ReportsPurchaseStastics.cs'.
Microsoft (R) Xml Schemas/DataTypes support utility
[Microsoft (R) .NET Framework, Version 2.0.50727.3038]
Copyright (C) Microsoft Corporation. All rights reserved.
Writing file 'E:\Phoenix\Working\Build\Web\Build\App_Code\Xsd\ReportsPurchaseSuppliedItems.cs'.
Microsoft (R) Xml Schemas/DataTypes support utility
[Microsoft (R) .NET Framework, Version 2.0.50727.3038]
Copyright (C) Microsoft Corporation. All rights reserved.
Writing file 'E:\Phoenix\Working\Build\Web\Build\App_Code\Xsd\ReportsPurchaseVesselReceipt.cs'.
Microsoft (R) Xml Schemas/DataTypes support utility
[Microsoft (R) .NET Framework, Version 2.0.50727.3038]
Copyright (C) Microsoft Corporation. All rights reserved.
Writing file 'E:\Phoenix\Working\Build\Web\Build\App_Code\Xsd\ReportsRAGeneric.cs'.
Microsoft (R) Xml Schemas/DataTypes support utility
[Microsoft (R) .NET Framework, Version 2.0.50727.3038]
Copyright (C) Microsoft Corporation. All rights reserved.
Writing file 'E:\Phoenix\Working\Build\Web\Build\App_Code\Xsd\ReportsRAMachinery.cs'.
Microsoft (R) Xml Schemas/DataTypes support utility
[Microsoft (R) .NET Framework, Version 2.0.50727.3038]
Copyright (C) Microsoft Corporation. All rights reserved.
Writing file 'E:\Phoenix\Working\Build\Web\Build\App_Code\Xsd\ReportsRANavigation.cs'.
Microsoft (R) Xml Schemas/DataTypes support utility
[Microsoft (R) .NET Framework, Version 2.0.50727.3038]
Copyright (C) Microsoft Corporation. All rights reserved.
Writing file 'E:\Phoenix\Working\Build\Web\Build\App_Code\Xsd\ReportsRANonRoutine.cs'.
Microsoft (R) Xml Schemas/DataTypes support utility
[Microsoft (R) .NET Framework, Version 2.0.50727.3038]
Copyright (C) Microsoft Corporation. All rights reserved.
Writing file 'E:\Phoenix\Working\Build\Web\Build\App_Code\Xsd\ReportsRAProcess.cs'.
Microsoft (R) Xml Schemas/DataTypes support utility
[Microsoft (R) .NET Framework, Version 2.0.50727.3038]
Copyright (C) Microsoft Corporation. All rights reserved.
Writing file 'E:\Phoenix\Working\Build\Web\Build\App_Code\Xsd\ReportsSeniorOfficers.cs'.
Microsoft (R) Xml Schemas/DataTypes support utility
[Microsoft (R) .NET Framework, Version 2.0.50727.3038]
Copyright (C) Microsoft Corporation. All rights reserved.
Writing file 'E:\Phoenix\Working\Build\Web\Build\App_Code\Xsd\ReportsSupplierVolumeOfBusiness.cs'.
Microsoft (R) Xml Schemas/DataTypes support utility
[Microsoft (R) .NET Framework, Version 2.0.50727.3038]
Copyright (C) Microsoft Corporation. All rights reserved.
Writing file 'E:\Phoenix\Working\Build\Web\Build\App_Code\Xsd\ReportStatementofAccountSubledger.cs'.
Microsoft (R) Xml Schemas/DataTypes support utility
[Microsoft (R) .NET Framework, Version 2.0.50727.3038]
Copyright (C) Microsoft Corporation. All rights reserved.
Writing file 'E:\Phoenix\Working\Build\Web\Build\App_Code\Xsd\ReportStatementofAccountSummary.cs'.
Microsoft (R) Xml Schemas/DataTypes support utility
[Microsoft (R) .NET Framework, Version 2.0.50727.3038]
Copyright (C) Microsoft Corporation. All rights reserved.
Writing file 'E:\Phoenix\Working\Build\Web\Build\App_Code\Xsd\ReportSurveyCertificates.cs'.
Microsoft (R) Xml Schemas/DataTypes support utility
[Microsoft (R) .NET Framework, Version 2.0.50727.3038]
Copyright (C) Microsoft Corporation. All rights reserved.
Writing file 'E:\Phoenix\Working\Build\Web\Build\App_Code\Xsd\ReportsVesselAccountsBPBondSubsidy.cs'.
Microsoft (R) Xml Schemas/DataTypes support utility
[Microsoft (R) .NET Framework, Version 2.0.50727.3038]
Copyright (C) Microsoft Corporation. All rights reserved.
Writing file 'E:\Phoenix\Working\Build\Web\Build\App_Code\Xsd\ReportsVesselAccountsCrewFeedback.cs'.
Microsoft (R) Xml Schemas/DataTypes support utility
[Microsoft (R) .NET Framework, Version 2.0.50727.3038]
Copyright (C) Microsoft Corporation. All rights reserved.
Writing file 'E:\Phoenix\Working\Build\Web\Build\App_Code\Xsd\ReportsVesselAccountsRecordofRestHours.cs'.
Microsoft (R) Xml Schemas/DataTypes support utility
[Microsoft (R) .NET Framework, Version 2.0.50727.3038]
Copyright (C) Microsoft Corporation. All rights reserved.
Writing file 'E:\Phoenix\Working\Build\Web\Build\App_Code\Xsd\ReportsVesselAccountsRecordofRestHoursNew.cs'.
Microsoft (R) Xml Schemas/DataTypes support utility
[Microsoft (R) .NET Framework, Version 2.0.50727.3038]
Copyright (C) Microsoft Corporation. All rights reserved.
Writing file 'E:\Phoenix\Working\Build\Web\Build\App_Code\Xsd\ReportsVesselAccountsReportRHNCAnalysisNew.cs'.
Microsoft (R) Xml Schemas/DataTypes support utility
[Microsoft (R) .NET Framework, Version 2.0.50727.3038]
Copyright (C) Microsoft Corporation. All rights reserved.
Writing file 'E:\Phoenix\Working\Build\Web\Build\App_Code\Xsd\ReportsVesselAccountsRestHourNonCompliance.cs'.
Microsoft (R) Xml Schemas/DataTypes support utility
[Microsoft (R) .NET Framework, Version 2.0.50727.3038]
Copyright (C) Microsoft Corporation. All rights reserved.
Writing file 'E:\Phoenix\Working\Build\Web\Build\App_Code\Xsd\ReportsVesselAccountsRHNCCR6CSubreport.cs'.
Microsoft (R) Xml Schemas/DataTypes support utility
[Microsoft (R) .NET Framework, Version 2.0.50727.3038]
Copyright (C) Microsoft Corporation. All rights reserved.
Writing file 'E:\Phoenix\Working\Build\Web\Build\App_Code\Xsd\ReportsVesselAccountsRHNonComplianceSummary.cs'.
Microsoft (R) Xml Schemas/DataTypes support utility
[Microsoft (R) .NET Framework, Version 2.0.50727.3038]
Copyright (C) Microsoft Corporation. All rights reserved.
Writing file 'E:\Phoenix\Working\Build\Web\Build\App_Code\Xsd\ReportsVesselAccountsRHOverTimeList.cs'.
Microsoft (R) Xml Schemas/DataTypes support utility
[Microsoft (R) .NET Framework, Version 2.0.50727.3038]
Copyright (C) Microsoft Corporation. All rights reserved.
Writing file 'E:\Phoenix\Working\Build\Web\Build\App_Code\Xsd\ReportsVesselAccountsRHRankWiseNonComplianceSummary.cs'.
Microsoft (R) Xml Schemas/DataTypes support utility
[Microsoft (R) .NET Framework, Version 2.0.50727.3038]
Copyright (C) Microsoft Corporation. All rights reserved.
Writing file 'E:\Phoenix\Working\Build\Web\Build\App_Code\Xsd\ReportsVesselAccountsRHVesselWiseNonComplianceSummary.cs'.
Microsoft (R) Xml Schemas/DataTypes support utility
[Microsoft (R) .NET Framework, Version 2.0.50727.3038]
Copyright (C) Microsoft Corporation. All rights reserved.
Writing file 'E:\Phoenix\Working\Build\Web\Build\App_Code\Xsd\ReportsVesselAccountsShipboardWorkingArrangement.cs'.
Microsoft (R) Xml Schemas/DataTypes support utility
[Microsoft (R) .NET Framework, Version 2.0.50727.3038]
Copyright (C) Microsoft Corporation. All rights reserved.
Writing file 'E:\Phoenix\Working\Build\Web\Build\App_Code\Xsd\ReportsVesselAccountsVesselCrewAgreement.cs'.
Microsoft (R) Xml Schemas/DataTypes support utility
[Microsoft (R) .NET Framework, Version 2.0.50727.3038]
Copyright (C) Microsoft Corporation. All rights reserved.
Writing file 'E:\Phoenix\Working\Build\Web\Build\App_Code\Xsd\ReportsVesselVisitLineItem.cs'.
Microsoft (R) Xml Schemas/DataTypes support utility
[Microsoft (R) .NET Framework, Version 2.0.50727.3038]
Copyright (C) Microsoft Corporation. All rights reserved.
Writing file 'E:\Phoenix\Working\Build\Web\Build\App_Code\Xsd\ReportTravelclime.cs'.
Microsoft (R) Xml Schemas/DataTypes support utility
[Microsoft (R) .NET Framework, Version 2.0.50727.3038]
Copyright (C) Microsoft Corporation. All rights reserved.
Writing file 'E:\Phoenix\Working\Build\Web\Build\App_Code\Xsd\ReportVesselAccountsAllotment.cs'.
Microsoft (R) Xml Schemas/DataTypes support utility
[Microsoft (R) .NET Framework, Version 2.0.50727.3038]
Copyright (C) Microsoft Corporation. All rights reserved.
Writing file 'E:\Phoenix\Working\Build\Web\Build\App_Code\Xsd\ReportVesselAccountsBondForCharterers.cs'.
Microsoft (R) Xml Schemas/DataTypes support utility
[Microsoft (R) .NET Framework, Version 2.0.50727.3038]
Copyright (C) Microsoft Corporation. All rights reserved.
Writing file 'E:\Phoenix\Working\Build\Web\Build\App_Code\Xsd\ReportVesselAccountsBondForCharterersOwners.cs'.
Microsoft (R) Xml Schemas/DataTypes support utility
[Microsoft (R) .NET Framework, Version 2.0.50727.3038]
Copyright (C) Microsoft Corporation. All rights reserved.
Writing file 'E:\Phoenix\Working\Build\Web\Build\App_Code\Xsd\ReportVesselAccountsBOW.cs'.
Microsoft (R) Xml Schemas/DataTypes support utility
[Microsoft (R) .NET Framework, Version 2.0.50727.3038]
Copyright (C) Microsoft Corporation. All rights reserved.
Writing file 'E:\Phoenix\Working\Build\Web\Build\App_Code\Xsd\ReportVesselAccountsCaptainCashMain.cs'.
Microsoft (R) Xml Schemas/DataTypes support utility
[Microsoft (R) .NET Framework, Version 2.0.50727.3038]
Copyright (C) Microsoft Corporation. All rights reserved.
Writing file 'E:\Phoenix\Working\Build\Web\Build\App_Code\Xsd\ReportVesselAccountsCashAdvance.cs'.
Microsoft (R) Xml Schemas/DataTypes support utility
[Microsoft (R) .NET Framework, Version 2.0.50727.3038]
Copyright (C) Microsoft Corporation. All rights reserved.
Writing file 'E:\Phoenix\Working\Build\Web\Build\App_Code\Xsd\ReportVesselAccountsD11.cs'.
Microsoft (R) Xml Schemas/DataTypes support utility
[Microsoft (R) .NET Framework, Version 2.0.50727.3038]
Copyright (C) Microsoft Corporation. All rights reserved.
Writing file 'E:\Phoenix\Working\Build\Web\Build\App_Code\Xsd\ReportVesselAccountsExtraMeals.cs'.
Microsoft (R) Xml Schemas/DataTypes support utility
[Microsoft (R) .NET Framework, Version 2.0.50727.3038]
Copyright (C) Microsoft Corporation. All rights reserved.
Writing file 'E:\Phoenix\Working\Build\Web\Build\App_Code\Xsd\ReportVesselAccountsLeaveWagesAndPerformanceBonus.cs'.
Microsoft (R) Xml Schemas/DataTypes support utility
[Microsoft (R) .NET Framework, Version 2.0.50727.3038]
Copyright (C) Microsoft Corporation. All rights reserved.
Writing file 'E:\Phoenix\Working\Build\Web\Build\App_Code\Xsd\ReportVesselAccountsMonthEndInventory.cs'.
Microsoft (R) Xml Schemas/DataTypes support utility
[Microsoft (R) .NET Framework, Version 2.0.50727.3038]
Copyright (C) Microsoft Corporation. All rights reserved.
Writing file 'E:\Phoenix\Working\Build\Web\Build\App_Code\Xsd\ReportVesselAccountsProvision.cs'.
Microsoft (R) Xml Schemas/DataTypes support utility
[Microsoft (R) .NET Framework, Version 2.0.50727.3038]
Copyright (C) Microsoft Corporation. All rights reserved.
Writing file 'E:\Phoenix\Working\Build\Web\Build\App_Code\Xsd\ReportVesselAccountsRadioLog.cs'.
Microsoft (R) Xml Schemas/DataTypes support utility
[Microsoft (R) .NET Framework, Version 2.0.50727.3038]
Copyright (C) Microsoft Corporation. All rights reserved.
Writing file 'E:\Phoenix\Working\Build\Web\Build\App_Code\Xsd\ReportVesselPositionChinaEmissionReport.cs'.
Microsoft (R) Xml Schemas/DataTypes support utility
[Microsoft (R) .NET Framework, Version 2.0.50727.3038]
Copyright (C) Microsoft Corporation. All rights reserved.
Writing file 'E:\Phoenix\Working\Build\Web\Build\App_Code\Xsd\ReportVesselPositionNoonReport.cs'.
Microsoft (R) Xml Schemas/DataTypes support utility
[Microsoft (R) .NET Framework, Version 2.0.50727.3038]
Copyright (C) Microsoft Corporation. All rights reserved.
Writing file 'E:\Phoenix\Working\Build\Web\Build\App_Code\Xsd\ReportWeeklyMonitorVesselCrew.cs'.
Microsoft (R) Xml Schemas/DataTypes support utility
[Microsoft (R) .NET Framework, Version 2.0.50727.3038]
Copyright (C) Microsoft Corporation. All rights reserved.
Writing file 'E:\Phoenix\Working\Build\Web\Build\App_Code\Xsd\ReportWorkGearIndividualRequest.cs'.
Microsoft (R) Xml Schemas/DataTypes support utility
[Microsoft (R) .NET Framework, Version 2.0.50727.3038]
Copyright (C) Microsoft Corporation. All rights reserved.
Writing file 'E:\Phoenix\Working\Build\Web\Build\App_Code\Xsd\ReportWorkingGearRequest.cs'.
