Buildfile: file:///E:/Phoenix/Working/Build/Web/web_publish_dll.build
Target framework: Microsoft .NET Framework 2.0
Target(s) specified: phoenixelogbuild 

   [tstamp] 19 February 2021 12:42:56.
 [property] Target framework changed to "Microsoft .NET Framework 3.5".

phoenixelogbuild:

     [echo] ***********************************************************
     [echo]    Databasename       :: PhoenixUACCEAGLE
     [echo]    Execute Status     :: true
     [echo]    Deploy folder Path :: F:\PhoenixRelease\PhoenixTest
     [echo]    IISRESET status    :: 0
     [echo] ***********************************************************
     [echo] Patch deploying in F:\PhoenixRelease\PhoenixTest...
     [copy] Copying 21590 files to 'F:\PhoenixRelease\PhoenixTest'.
     [echo] Database Patch Applying In PhoenixUACCEAGLE...
     [nant] E:\Phoenix\Working\Build\Sql\db_execute_patch_in_client_db.build 
            Buildfile: file:///E:/Phoenix/Working/Build/Sql/db_execute_patch_in_client_db.build
            Target framework: Microsoft .NET Framework 3.5
            Target(s) specified: execute__patch 
            
                 [echo] .
                 [echo] PhoenixUACCEAGLE
            
            init:
            
            [loadtasks] Scanning assembly "NAnt.Contrib.Tasks" for extensions.
                 [echo] E:\\Phoenix\Working\Build\Sql
            
            define_execute_patch_routine:
            
               [script] Scanning assembly "v9efcy1n" for extensions.
            
            execute_alter_table_patch_in_release:
            
                 [echo] Alter Table
            
            BUILD FAILED
            
            INTERNAL ERROR
            
            System.Data.SqlClient.SqlException: Cannot open database "PhoenixUACCEAGLE" requested by the login. The login failed.
            Login failed for user 'sa'.
               at System.Data.SqlClient.SqlInternalConnection.OnError(SqlException exception, Boolean breakConnection)
               at System.Data.SqlClient.TdsParser.ThrowExceptionAndWarning(TdsParserStateObject stateObj)
               at System.Data.SqlClient.TdsParser.Run(RunBehavior runBehavior, SqlCommand cmdHandler, SqlDataReader dataStream, BulkCopySimpleResultSet bulkCopyHandler, TdsParserStateObject stateObj)
               at System.Data.SqlClient.SqlInternalConnectionTds.CompleteLogin(Boolean enlistOK)
               at System.Data.SqlClient.SqlInternalConnectionTds.AttemptOneLogin(ServerInfo serverInfo, String newPassword, Boolean ignoreSniOpenTimeout, Int64 timerExpire, SqlConnection owningObject, Boolean withFailover)
               at System.Data.SqlClient.SqlInternalConnectionTds.LoginNoFailover(String host, String newPassword, Boolean redirectedUserInstance, SqlConnection owningObject, SqlConnectionString connectionOptions, Int64 timerStart)
               at System.Data.SqlClient.SqlInternalConnectionTds.OpenLoginEnlist(SqlConnection owningObject, SqlConnectionString connectionOptions, String newPassword, Boolean redirectedUserInstance)
               at System.Data.SqlClient.SqlInternalConnectionTds..ctor(DbConnectionPoolIdentity identity, SqlConnectionString connectionOptions, Object providerInfo, String newPassword, SqlConnection owningObject, Boolean redirectedUserInstance)
               at System.Data.SqlClient.SqlConnectionFactory.CreateConnection(DbConnectionOptions options, Object poolGroupProviderInfo, DbConnectionPool pool, DbConnection owningConnection)
               at System.Data.ProviderBase.DbConnectionFactory.CreatePooledConnection(DbConnection owningConnection, DbConnectionPool pool, DbConnectionOptions options)
               at System.Data.ProviderBase.DbConnectionPool.CreateObject(DbConnection owningObject)
               at System.Data.ProviderBase.DbConnectionPool.UserCreateRequest(DbConnection owningObject)
               at System.Data.ProviderBase.DbConnectionPool.GetConnection(DbConnection owningObject)
               at System.Data.ProviderBase.DbConnectionFactory.GetConnection(DbConnection owningConnection)
               at System.Data.ProviderBase.DbConnectionClosed.OpenConnection(DbConnection outerConnection, DbConnectionFactory connectionFactory)
               at System.Data.SqlClient.SqlConnection.Open()
               at nant2129e5a0c6e841d6a0e321c3a4449be8.ExecutePatchTask.ExecuteTask()
               at NAnt.Core.Task.Execute()
               at NAnt.Core.Target.Execute()
               at NAnt.Core.Project.Execute(String targetName, Boolean forceDependencies)
               at NAnt.Core.Project.Execute()
               at NAnt.Core.Project.Run()
            
            Please send bug report to nant-developers@lists.sourceforge.net.
            
            Total time: 0.2 seconds.
            

BUILD FAILED

Nested build failed.  Refer to build log for exact reason.

Total time: 25.8 seconds.

