Buildfile: file:///E:/Phoenix/Working/Build/Web/web_compile.build
Target framework: Microsoft .NET Framework 4.0
Target(s) specified: phoenixbuild 

   [tstamp] 15 February 2021 05:21:50.

init:


start:

     [echo] 02/15/2021 05:21:50
  [xmlpoke] Found '1' nodes matching XPath expression '/RecordSet/row/Revision'.
   [delete] Deleting directory 'E:\Phoenix\Working\Deploy\Web'.
     [copy] Copying 82 files to 'E:\\Phoenix\Working\Build\Web\Build\bin'.
   [delete] Deleting 33 files.
     [echo] ::..02/15/2021 05:21:50

Framework:


make:

      [csc] Compiling 38 files to 'E:\Phoenix\Working\Build\Web\Build\bin\SouthNests.Phoenix.Framework.dll'.

Controls:


make:

      [csc] Compiling 2 files to 'E:\Phoenix\Working\Build\Web\Build\bin\SouthNests.Phoenix.Custom.dll'.

Common:


make:

      [csc] Compiling 44 files to 'E:\Phoenix\Working\Build\Web\Build\bin\SouthNests.Phoenix.Common.dll'.

PhoenixServiceWrapper:


make:

      [csc] Compiling 3 files to 'E:\Phoenix\Working\Build\Web\Build\bin\PhoenixServiceWrapper.dll'.

PhoenixServicePurchase:


make:

      [csc] Compiling 3 files to 'E:\Phoenix\Working\Build\Web\Build\bin\PhoenixServicePurchase.dll'.

Registers:


make:

      [csc] Compiling 299 files to 'E:\Phoenix\Working\Build\Web\Build\bin\SouthNests.Phoenix.Registers.dll'.

Inventory:


make:

      [csc] Compiling 28 files to 'E:\Phoenix\Working\Build\Web\Build\bin\SouthNests.Phoenix.Inventory.dll'.

Purchase:


make:

      [csc] Compiling 57 files to 'E:\Phoenix\Working\Build\Web\Build\bin\SouthNests.Phoenix.Purchase.dll'.

Inspection:


make:

      [csc] Compiling 182 files to 'E:\Phoenix\Working\Build\Web\Build\bin\SouthNests.Phoenix.Inspection.dll'.

VesselAccounts:


make:

      [csc] Compiling 41 files to 'E:\Phoenix\Working\Build\Web\Build\bin\SouthNests.Phoenix.VesselAccounts.dll'.

Crew:


make:

      [csc] Compiling 158 files to 'E:\Phoenix\Working\Build\Web\Build\bin\SouthNests.Phoenix.Crew.dll'.

Accounts:


make:

      [csc] Compiling 116 files to 'E:\Phoenix\Working\Build\Web\Build\bin\SouthNests.Phoenix.Accounts.dll'.

StandardForm:


make:

      [csc] Compiling 3 files to 'E:\Phoenix\Working\Build\Web\Build\bin\SouthNests.Phoenix.StandardForm.dll'.

PlannedMaintenance:


make:

      [csc] Compiling 49 files to 'E:\Phoenix\Working\Build\Web\Build\bin\SouthNests.Phoenix.PlannedMaintenance.dll'.

CrewReports:


make:

      [csc] Compiling 62 files to 'E:\Phoenix\Working\Build\Web\Build\bin\SouthNests.Phoenix.CrewReports.dll'.

DataTransfer:


make:

      [csc] Compiling 5 files to 'E:\Phoenix\Working\Build\Web\Build\bin\SouthNests.Phoenix.DataTransfer.dll'.

Owners:


make:

      [csc] Compiling 15 files to 'E:\Phoenix\Working\Build\Web\Build\bin\SouthNests.Phoenix.Owners.dll'.

Help:


make:

      [csc] Compiling 2 files to 'E:\Phoenix\Working\Build\Web\Build\bin\SouthNests.Phoenix.Help.dll'.

DryDock:


make:

      [csc] Compiling 16 files to 'E:\Phoenix\Working\Build\Web\Build\bin\SouthNests.Phoenix.DryDock.dll'.

DefectTracker:


make:

      [csc] Compiling 4 files to 'E:\Phoenix\Working\Build\Web\Build\bin\SouthNests.Phoenix.DefectTracker.dll'.

Integration:


make:

      [csc] Compiling 4 files to 'E:\Phoenix\Working\Build\Web\Build\bin\SouthNests.Phoenix.Integration.dll'.

Document:


make:

      [csc] Compiling 7 files to 'E:\Phoenix\Working\Build\Web\Build\bin\SouthNests.Phoenix.Document.dll'.

Portal:


make:

      [csc] Compiling 5 files to 'E:\Phoenix\Working\Build\Web\Build\bin\SouthNests.Phoenix.Portal.dll'.

DocumentManagement:


make:

      [csc] Compiling 18 files to 'E:\Phoenix\Working\Build\Web\Build\bin\SouthNests.Phoenix.DocumentManagement.dll'.

VesselPosition:


make:

      [csc] Compiling 43 files to 'E:\Phoenix\Working\Build\Web\Build\bin\SouthNests.Phoenix.VesselPosition.dll'.

PreSea:


make:

      [csc] Compiling 78 files to 'E:\Phoenix\Working\Build\Web\Build\bin\SouthNests.Phoenix.PreSea.dll'.

OwnerBudget:


make:

      [csc] Compiling 5 files to 'E:\Phoenix\Working\Build\Web\Build\bin\SouthNests.Phoenix.OwnerBudget.dll'.

Export2XL:


make:

      [csc] Compiling 21 files to 'E:\Phoenix\Working\Build\Web\Build\bin\SouthNests.Phoenix.Export2XL.dll'.

Administration:


make:

      [csc] Compiling 12 files to 'E:\Phoenix\Working\Build\Web\Build\bin\SouthNests.Phoenix.Administration.dll'.

CrewOffshore:


make:

      [csc] Compiling 54 files to 'E:\Phoenix\Working\Build\Web\Build\bin\SouthNests.Phoenix.CrewOffshore.dll'.

Dashboard:


make:

      [csc] Compiling 29 files to 'E:\Phoenix\Working\Build\Web\Build\bin\SouthNests.Phoenix.Dashboard.dll'.

Reports:


make:

      [csc] Compiling 18 files to 'E:\Phoenix\Working\Build\Web\Build\bin\SouthNests.Phoenix.Reports.dll'.

EPSShelp:


make:

      [csc] Compiling 1 files to 'E:\Phoenix\Working\Build\Web\Build\bin\SouthNests.Phoenix.EPSShelp.dll'.

Log:


make:

      [csc] Compiling 16 files to 'E:\Phoenix\Working\Build\Web\Build\bin\SouthNests.Phoenix.Log.dll'.

HR:


make:

      [csc] Compiling 3 files to 'E:\Phoenix\Working\Build\Web\Build\bin\SouthNests.Phoenix.HR.dll'.

phoenixbuild:

     [echo] ::..02/15/2021 05:22:04
     [copy] Copying 82 files to 'E:\\Phoenix\Working\Build\Web\Build\bin'.
     [echo] ::..02/15/2021 05:22:05
   [delete] Deleting directory 'E:\Phoenix\Working\Build\Web\Build\App_Code'.
     [exec] Microsoft (R) ASP.NET Compilation Tool version 4.8.3752.0
     [exec] Utility to precompile an ASP.NET application
     [exec] Copyright (C) Microsoft Corporation. All rights reserved.
     [exec] 
     [exec] E:\Phoenix\Working\Build\Web\Build\web.config(150): error ASPCONFIG: Could not load file or assembly 'CrystalDecisions.ReportAppServer.ClientDoc, Version=13.0.2000.0, Culture=neutral, PublicKeyToken=692fbea5521e1304' or one of its dependencies. The system cannot find the file specified.

onfailure:

  [xmlpoke] Found '1' nodes matching XPath expression '/BUILDSTATUS/APPBUILDSTATUS'.

BUILD FAILED

E:\Phoenix\Working\Build\Web\web_compile.build(930,6):
External Program Failed: C:\Windows\Microsoft.NET\Framework\v4.0.30319\aspnet_compiler.exe (return code was 1)

Total time: 25 seconds.

