Buildfile: file:///E:/Phoenix/Working/Build/Web/web_publish_dll.build
Target framework: Microsoft .NET Framework 2.0
Target(s) specified: phoenixelogbuild 

   [tstamp] 19 February 2021 11:59:08.
 [property] Target framework changed to "Microsoft .NET Framework 3.5".

phoenixelogbuild:

     [echo] ***********************************************************
     [echo]    Databasename       :: PhoenixUACCEAGLE
     [echo]    Execute Status     :: true
     [echo]    Deploy folder Path :: F:\PhoenixRelease\PhoenixTest
     [echo]    IISRESET status    :: 0
     [echo] ***********************************************************
     [echo] Patch deploying in F:\PhoenixRelease\PhoenixTest...
     [exec] Starting 'powershell ( .\powerstop.ps1)' in 'E:\Phoenix\Working\Build\Web'
     [exec] .\powerstop.ps1 : File E:\Phoenix\Working\Build\Web\powerstop.ps1 cannot be loaded because running scripts is disabled 
     [exec] on this system. For more information, see about_Execution_Policies at https:/go.microsoft.com/fwlink/?LinkID=135170.
     [exec] At line:1 char:1
     [exec] + .\powerstop.ps1
     [exec] + ~~~~~~~~~~~~~~~
     [exec]     + CategoryInfo          : SecurityError: (:) [], PSSecurityException
     [exec]     + FullyQualifiedErrorId : UnauthorizedAccess

BUILD FAILED - 0 non-fatal error(s), 7 warning(s)

E:\Phoenix\Working\Build\Web\web_publish_dll.build(20,2):
External Program Failed: powershell (return code was 1)

Total time: 0.6 seconds.

