Buildfile: file:///E:/Phoenix/Working/Build/Web/web_vss_get.build
Target framework: Microsoft .NET Framework 2.0
Target(s) specified: phoenixbuildxsdclass 


init:

     [echo] 02/19/2021 10:46:59
[loadtasks] Scanning assembly "NAnt.Contrib.Tasks" for extensions.

phoenixbuildxsdclass:

     [echo] ******************************************
     [echo] BUILD CONFIGURATION
     [echo] ******************************************
     [echo] Vss Get...:: true
     [echo] SourceSafe:: E:\Vss\srcsafe.ini
     [echo] ******************************************
   [script] Scanning assembly "vankssvc" for extensions.
     [echo] Deleting E:\\Phoenix\Working\Solution\Web Folder Files...
     [echo] ::..02/19/2021 10:46:59
   [delete] Deleting directory 'E:\Phoenix\Working\Solution\Web'.
   [vssget] Getting '$/Phoenix/Solution/Web' to 'E:\Phoenix\Working\Solution\Web'...
     [echo] ::..02/19/2021 10:57:25
   [delete] Deleting directory 'E:\Phoenix\Working\Build\Web\Build'.
    [mkdir] Creating directory 'E:\Phoenix\Working\Build\Web\Build'.
    [mkdir] Creating directory 'E:\Phoenix\Working\Build\Web\Build\bin'.
     [copy] Copying 18158 files to 'E:\\Phoenix\Working\Build\Web\Build'.
     [copy] Copying 1 file to 'E:\\Phoenix\Working\Build\Web\Build'.
     [echo] ::..02/19/2021 10:59:39

BUILD SUCCEEDED

Total time: 760.2 seconds.

