Buildfile: file:///E:/Phoenix/Working/Build/Web/web_vss_get.build
Target framework: Microsoft .NET Framework 2.0
Target(s) specified: phoenixbuildxsdclass 


init:

     [echo] 02/18/2021 15:51:20
[loadtasks] Scanning assembly "NAnt.Contrib.Tasks" for extensions.

phoenixbuildxsdclass:

     [echo] ******************************************
     [echo] BUILD CONFIGURATION
     [echo] ******************************************
     [echo] Vss Get...:: true
     [echo] SourceSafe:: E:\Vss\srcsafe.ini
     [echo] ******************************************
   [script] Scanning assembly "kdbm8ci_" for extensions.
     [echo] Deleting E:\\Phoenix\Working\Solution\Web Folder Files...
     [echo] ::..02/18/2021 15:51:20
   [delete] Deleting directory 'E:\Phoenix\Working\Solution\Web'.
   [vssget] Getting '$/Phoenix/Solution/Web' to 'E:\Phoenix\Working\Solution\Web'...
     [echo] ::..02/18/2021 16:01:12
   [delete] Deleting directory 'E:\Phoenix\Working\Build\Web\Build'.
    [mkdir] Creating directory 'E:\Phoenix\Working\Build\Web\Build'.
    [mkdir] Creating directory 'E:\Phoenix\Working\Build\Web\Build\bin'.
     [copy] Copying 18155 files to 'E:\\Phoenix\Working\Build\Web\Build'.
     [copy] Copying 1 file to 'E:\\Phoenix\Working\Build\Web\Build'.
     [echo] ::..02/18/2021 16:03:29

BUILD SUCCEEDED

Total time: 729.2 seconds.

